Log file open, 03/12/23 18:59:07
LogInit: Display: Running engine for game: Minecraft
LogPlatformFile: Not using cached read wrapper
LogTaskGraph: Started task graph with 5 named threads and 35 total threads with 3 sets of task threads.
LogStats: Stats thread started at 0.277301
LogD3D11RHI: Loaded GFSDK_Aftermath_Lib.x64.dll
LogICUInternationalization: ICU TimeZone Detection - Raw Offset: +8:00, Platform Override: ''
LogPluginManager: Mounting plugin Paper2D
LogPluginManager: Mounting plugin AISupport
LogPluginManager: Mounting plugin LightPropagationVolume
LogPluginManager: Mounting plugin CameraShakePreviewer
LogPluginManager: Mounting plugin ActorLayerUtilities
LogPluginManager: Mounting plugin AnimationSharing
LogPluginManager: Mounting plugin CLionSourceCodeAccess
LogPluginManager: Mounting plugin CodeLiteSourceCodeAccess
LogPluginManager: Mounting plugin GitSourceControl
LogPluginManager: Mounting plugin KDevelopSourceCodeAccess
LogPluginManager: Mounting plugin NullSourceCodeAccess
LogPluginManager: Mounting plugin PerforceSourceControl
LogPluginManager: Mounting plugin PlasticSourceControl
LogPluginManager: Mounting plugin RiderLink
LogPluginManager: Mounting plugin RiderSourceCodeAccess
LogPluginManager: Mounting plugin SubversionSourceControl
LogPluginManager: Mounting plugin UObjectPlugin
LogPluginManager: Mounting plugin VisualStudioCodeSourceCodeAccess
LogPluginManager: Mounting plugin VisualStudioSourceCodeAccess
LogPluginManager: Mounting plugin XCodeSourceCodeAccess
LogPluginManager: Mounting plugin AssetManagerEditor
LogPluginManager: Mounting plugin CryptoKeys
LogPluginManager: Mounting plugin CurveEditorTools
LogPluginManager: Mounting plugin DataValidation
LogPluginManager: Mounting plugin EditorScriptingUtilities
LogPluginManager: Mounting plugin FacialAnimation
LogPluginManager: Mounting plugin GameplayTagsEditor
LogPluginManager: Mounting plugin GeometryMode
LogPluginManager: Mounting plugin MacGraphicsSwitching
LogPluginManager: Mounting plugin MaterialAnalyzer
LogPluginManager: Mounting plugin MobileLauncherProfileWizard
LogPluginManager: Mounting plugin PluginBrowser
LogPluginManager: Mounting plugin SpeedTreeImporter
LogPluginManager: Mounting plugin DatasmithContent
LogPluginManager: Mounting plugin VariantManagerContent
LogPluginManager: Mounting plugin AlembicImporter
LogPluginManager: Mounting plugin AutomationUtils
LogPluginManager: Mounting plugin BackChannel
LogPluginManager: Mounting plugin ChaosCloth
LogPluginManager: Mounting plugin ChaosClothEditor
LogPluginManager: Mounting plugin ChaosEditor
LogPluginManager: Mounting plugin ChaosNiagara
LogPluginManager: Mounting plugin ChaosSolverPlugin
LogPluginManager: Mounting plugin CharacterAI
LogPluginManager: Mounting plugin GeometryCache
LogPluginManager: Mounting plugin GeometryCollectionPlugin
LogPluginManager: Mounting plugin GeometryProcessing
LogPluginManager: Mounting plugin PlanarCut
LogPluginManager: Mounting plugin PlatformCrypto
LogPluginManager: Mounting plugin ProxyLODPlugin
LogPluginManager: Mounting plugin SkeletalReduction
LogPluginManager: Mounting plugin Niagara
LogPluginManager: Mounting plugin MagicLeap
LogPluginManager: Mounting plugin MagicLeapLightEstimation
LogPluginManager: Mounting plugin MagicLeapMedia
LogPluginManager: Mounting plugin MagicLeapPassableWorld
LogPluginManager: Mounting plugin MLSDK
LogPluginManager: Mounting plugin AndroidMedia
LogPluginManager: Mounting plugin AvfMedia
LogPluginManager: Mounting plugin ImgMedia
LogPluginManager: Mounting plugin MediaCompositing
LogPluginManager: Mounting plugin MediaPlayerEditor
LogPluginManager: Mounting plugin WebMMedia
LogPluginManager: Mounting plugin WmfMedia
LogPluginManager: Mounting plugin MeshPainting
LogPluginManager: Mounting plugin TcpMessaging
LogPluginManager: Mounting plugin UdpMessaging
LogPluginManager: Mounting plugin ActorSequence
LogPluginManager: Mounting plugin LevelSequenceEditor
LogPluginManager: Mounting plugin MatineeToLevelSequence
LogPluginManager: Mounting plugin MovieRenderPipeline
LogPluginManager: Mounting plugin TemplateSequence
LogPluginManager: Mounting plugin NetcodeUnitTest
LogPluginManager: Mounting plugin NUTUnrealEngine4
LogPluginManager: Mounting plugin OnlineSubsystemGooglePlay
LogPluginManager: Mounting plugin OnlineSubsystemIOS
LogPluginManager: Mounting plugin OnlineSubsystem
LogPluginManager: Mounting plugin OnlineSubsystemNull
LogPluginManager: Mounting plugin OnlineSubsystemUtils
LogPluginManager: Mounting plugin LauncherChunkInstaller
LogPluginManager: Mounting plugin AndroidDeviceProfileSelector
LogPluginManager: Mounting plugin AndroidMoviePlayer
LogPluginManager: Mounting plugin AndroidPermission
LogPluginManager: Mounting plugin AppleImageUtils
LogPluginManager: Mounting plugin AppleMoviePlayer
LogPluginManager: Mounting plugin ArchVisCharacter
LogPluginManager: Mounting plugin AssetTags
LogPluginManager: Mounting plugin AudioCapture
LogPluginManager: Mounting plugin CableComponent
LogPluginManager: Mounting plugin CustomMeshComponent
LogPluginManager: Mounting plugin EditableMesh
LogPluginManager: Mounting plugin ExampleDeviceProfileSelector
LogPluginManager: Mounting plugin GoogleCloudMessaging
LogPluginManager: Mounting plugin GooglePAD
LogPluginManager: Mounting plugin IOSDeviceProfileSelector
LogPluginManager: Mounting plugin LinuxDeviceProfileSelector
LogPluginManager: Mounting plugin LocationServicesBPLibrary
LogPluginManager: Mounting plugin MobilePatchingUtils
LogPluginManager: Mounting plugin OculusVR
LogPluginManager: Mounting plugin PhysXVehicles
LogPluginManager: Mounting plugin PostSplashScreen
LogPluginManager: Mounting plugin ProceduralMeshComponent
LogPluginManager: Mounting plugin RuntimePhysXCooking
LogPluginManager: Mounting plugin SignificanceManager
LogPluginManager: Mounting plugin SoundFields
LogPluginManager: Mounting plugin SteamVR
LogPluginManager: Mounting plugin Synthesis
LogPluginManager: Mounting plugin WebMMoviePlayer
LogPluginManager: Mounting plugin WindowsMoviePlayer
LogPluginManager: Mounting plugin ScreenshotTools
LogInit: Using libcurl 7.55.1-DEV
LogInit:  - built for x86_64-pc-win32
LogInit:  - supports SSL with OpenSSL/1.1.1
LogInit:  - supports HTTP deflate (compression) using libz 1.2.8
LogInit:  - other features:
LogInit:      CURL_VERSION_SSL
LogInit:      CURL_VERSION_LIBZ
LogInit:      CURL_VERSION_IPV6
LogInit:      CURL_VERSION_ASYNCHDNS
LogInit:      CURL_VERSION_LARGEFILE
LogInit:      CURL_VERSION_IDN
LogInit:  CurlRequestOptions (configurable via config and command line):
LogInit:  - bVerifyPeer = true  - Libcurl will verify peer certificate
LogInit:  - bUseHttpProxy = false  - Libcurl will NOT use HTTP proxy
LogInit:  - bDontReuseConnections = false  - Libcurl will reuse connections
LogInit:  - MaxHostConnections = 16  - Libcurl will limit the number of connections to a host
LogInit:  - LocalHostAddr = Default
LogInit:  - BufferSize = 65536
LogOnline: OSS: Creating online subsystem instance for: NULL
LogInit: WinSock: version 1.1 (2.2), MaxSocks=32767, MaxUdp=65467
LogOnline: OSS: TryLoadSubsystemAndSetDefault: Loaded subsystem for module [NULL]
LogInit: Build: ++UE4+Release-4.25-CL-14469661
LogInit: Engine Version: 4.25.4-14469661+++UE4+Release-4.25
LogInit: Compatible Engine Version: 4.25.0-13144385+++UE4+Release-4.25
LogInit: Net CL: 13144385
LogInit: OS: Windows 10 (Release 2009) (), CPU: AMD Ryzen 5 5600G with Radeon Graphics         , GPU: NVIDIA GeForce RTX 3060 Ti
LogInit: Compiled (64-bit): Oct 11 2020 08:10:49
LogInit: Compiled with Visual C++: 19.24.28315.00
LogInit: Build Configuration: Development
LogInit: Branch Name: ++UE4+Release-4.25
LogInit: Command Line: 
LogInit: Base Directory: F:/UE_4.25/Engine/Binaries/Win64/
LogInit: Allocator: TBB
LogInit: Installed Engine Build: 1
LogDevObjectVersion: Number of dev versions registered: 26
LogDevObjectVersion:   Dev-Blueprints (B0D832E4-1F89-4F0D-ACCF-7EB736FD4AA2): 10
LogDevObjectVersion:   Dev-Build (E1C64328-A22C-4D53-A36C-8E866417BD8C): 0
LogDevObjectVersion:   Dev-Core (375EC13C-06E4-48FB-B500-84F0262A717E): 4
LogDevObjectVersion:   Dev-Editor (E4B068ED-F494-42E9-A231-DA0B2E46BB41): 38
LogDevObjectVersion:   Dev-Framework (CFFC743F-43B0-4480-9391-14DF171D2073): 37
LogDevObjectVersion:   Dev-Mobile (B02B49B5-BB20-44E9-A304-32B752E40360): 2
LogDevObjectVersion:   Dev-Networking (A4E4105C-59A1-49B5-A7C5-40C4547EDFEE): 0
LogDevObjectVersion:   Dev-Online (39C831C9-5AE6-47DC-9A44-9C173E1C8E7C): 0
LogDevObjectVersion:   Dev-Physics (78F01B33-EBEA-4F98-B9B4-84EACCB95AA2): 4
LogDevObjectVersion:   Dev-Platform (6631380F-2D4D-43E0-8009-CF276956A95A): 0
LogDevObjectVersion:   Dev-Rendering (12F88B9F-8875-4AFC-A67C-D90C383ABD29): 43
LogDevObjectVersion:   Dev-Sequencer (7B5AE74C-D270-4C10-A958-57980B212A5A): 12
LogDevObjectVersion:   Dev-VR (D7296918-1DD6-4BDD-9DE2-64A83CC13884): 3
LogDevObjectVersion:   Dev-LoadTimes (C2A15278-BFE7-4AFE-6C17-90FF531DF755): 1
LogDevObjectVersion:   Private-Geometry (6EACA3D4-40EC-4CC1-B786-8BED09428FC5): 3
LogDevObjectVersion:   Dev-AnimPhys (29E575DD-E0A3-4627-9D10-D276232CDCEA): 17
LogDevObjectVersion:   Dev-Anim (AF43A65D-7FD3-4947-9873-3E8ED9C1BB05): 7
LogDevObjectVersion:   Dev-ReflectionCapture (6B266CEC-1EC7-4B8F-A30B-E4D90942FC07): 1
LogDevObjectVersion:   Dev-Automation (0DF73D61-A23F-47EA-B727-89E90C41499A): 1
LogDevObjectVersion:   FortniteMain (601D1886-AC64-4F84-AA16-D3DE0DEAC7D6): 31
LogDevObjectVersion:   Dev-Enterprise (9DFFBCD6-494F-0158-E221-12823C92A888): 10
LogDevObjectVersion:   Dev-Niagara (F2AED0AC-9AFE-416F-8664-AA7FFA26D6FC): 1
LogDevObjectVersion:   Dev-Destruction (174F1F0B-B4C6-45A5-B13F-2EE8D0FB917D): 10
LogDevObjectVersion:   Dev-Physics-Ext (35F94A83-E258-406C-A318-09F59610247C): 37
LogDevObjectVersion:   Dev-PhysicsMaterial-Chaos (B68FC16E-8B1B-42E2-B453-215C058844FE): 1
LogDevObjectVersion:   Dev-CineCamera (B2E18506-4273-CFC2-A54E-F4BB758BBA07): 1
LogInit: Presizing for max 25165824 objects, including 0 objects not considered by GC, pre-allocating 0 bytes for permanent pool.
LogConfig: Applying CVar settings from Section [/Script/Engine.StreamingSettings] File [F:/ue4_project/UnrealEngineMinecraft/Minecraft/Saved/Config/Windows/Engine.ini]
LogConfig: Setting CVar [[s.MinBulkDataSizeForAsyncLoading:131072]]
LogConfig: Setting CVar [[s.AsyncLoadingThreadEnabled:0]]
LogConfig: Setting CVar [[s.EventDrivenLoaderEnabled:1]]
LogConfig: Setting CVar [[s.WarnIfTimeLimitExceeded:0]]
LogConfig: Setting CVar [[s.TimeLimitExceededMultiplier:1.5]]
LogConfig: Setting CVar [[s.TimeLimitExceededMinTime:0.005]]
LogConfig: Setting CVar [[s.UseBackgroundLevelStreaming:1]]
LogConfig: Setting CVar [[s.PriorityAsyncLoadingExtraTime:15.0]]
LogConfig: Setting CVar [[s.LevelStreamingActorsUpdateTimeLimit:5.0]]
LogConfig: Setting CVar [[s.PriorityLevelStreamingActorsUpdateExtraTime:5.0]]
LogConfig: Setting CVar [[s.LevelStreamingComponentsRegistrationGranularity:10]]
LogConfig: Setting CVar [[s.UnregisterComponentsTimeLimit:1.0]]
LogConfig: Setting CVar [[s.LevelStreamingComponentsUnregistrationGranularity:5]]
LogConfig: Setting CVar [[s.FlushStreamingOnExit:1]]
LogInit: Object subsystem initialized
LogConfig: Setting CVar [[con.DebugEarlyDefault:1]]
LogConfig: Setting CVar [[r.setres:1280x720]]
[2023.03.12-10.59.07:714][  0]LogConfig: Setting CVar [[r.VSync:0]]
[2023.03.12-10.59.07:714][  0]LogConfig: Setting CVar [[r.RHICmdBypass:0]]
[2023.03.12-10.59.07:714][  0]LogConfig: Applying CVar settings from Section [/Script/Engine.RendererSettings] File [F:/ue4_project/UnrealEngineMinecraft/Minecraft/Saved/Config/Windows/Engine.ini]
[2023.03.12-10.59.07:714][  0]LogConfig: Setting CVar [[r.GPUCrashDebugging:0]]
[2023.03.12-10.59.07:714][  0]LogConfig: Applying CVar settings from Section [/Script/Engine.RendererOverrideSettings] File [F:/ue4_project/UnrealEngineMinecraft/Minecraft/Saved/Config/Windows/Engine.ini]
[2023.03.12-10.59.07:714][  0]LogConfig: Applying CVar settings from Section [/Script/Engine.StreamingSettings] File [F:/ue4_project/UnrealEngineMinecraft/Minecraft/Saved/Config/Windows/Engine.ini]
[2023.03.12-10.59.07:714][  0]LogConfig: Setting CVar [[s.MinBulkDataSizeForAsyncLoading:131072]]
[2023.03.12-10.59.07:714][  0]LogConfig: Setting CVar [[s.AsyncLoadingThreadEnabled:0]]
[2023.03.12-10.59.07:714][  0]LogConfig: Setting CVar [[s.EventDrivenLoaderEnabled:1]]
[2023.03.12-10.59.07:714][  0]LogConfig: Setting CVar [[s.WarnIfTimeLimitExceeded:0]]
[2023.03.12-10.59.07:714][  0]LogConfig: Setting CVar [[s.TimeLimitExceededMultiplier:1.5]]
[2023.03.12-10.59.07:714][  0]LogConfig: Setting CVar [[s.TimeLimitExceededMinTime:0.005]]
[2023.03.12-10.59.07:714][  0]LogConfig: Setting CVar [[s.UseBackgroundLevelStreaming:1]]
[2023.03.12-10.59.07:714][  0]LogConfig: Setting CVar [[s.PriorityAsyncLoadingExtraTime:15.0]]
[2023.03.12-10.59.07:714][  0]LogConfig: Setting CVar [[s.LevelStreamingActorsUpdateTimeLimit:5.0]]
[2023.03.12-10.59.07:714][  0]LogConfig: Setting CVar [[s.PriorityLevelStreamingActorsUpdateExtraTime:5.0]]
[2023.03.12-10.59.07:714][  0]LogConfig: Setting CVar [[s.LevelStreamingComponentsRegistrationGranularity:10]]
[2023.03.12-10.59.07:714][  0]LogConfig: Setting CVar [[s.UnregisterComponentsTimeLimit:1.0]]
[2023.03.12-10.59.07:714][  0]LogConfig: Setting CVar [[s.LevelStreamingComponentsUnregistrationGranularity:5]]
[2023.03.12-10.59.07:714][  0]LogConfig: Setting CVar [[s.FlushStreamingOnExit:1]]
[2023.03.12-10.59.07:714][  0]LogConfig: Applying CVar settings from Section [/Script/Engine.GarbageCollectionSettings] File [F:/ue4_project/UnrealEngineMinecraft/Minecraft/Saved/Config/Windows/Engine.ini]
[2023.03.12-10.59.07:714][  0]LogConfig: Setting CVar [[gc.MaxObjectsNotConsideredByGC:1]]
[2023.03.12-10.59.07:714][  0]LogConfig: Setting CVar [[gc.SizeOfPermanentObjectPool:0]]
[2023.03.12-10.59.07:714][  0]LogConfig: Setting CVar [[gc.FlushStreamingOnGC:0]]
[2023.03.12-10.59.07:714][  0]LogConfig: Setting CVar [[gc.NumRetriesBeforeForcingGC:10]]
[2023.03.12-10.59.07:714][  0]LogConfig: Setting CVar [[gc.AllowParallelGC:1]]
[2023.03.12-10.59.07:714][  0]LogConfig: Setting CVar [[gc.TimeBetweenPurgingPendingKillObjects:61.1]]
[2023.03.12-10.59.07:714][  0]LogConfig: Setting CVar [[gc.MaxObjectsInEditor:25165824]]
[2023.03.12-10.59.07:714][  0]LogConfig: Setting CVar [[gc.IncrementalBeginDestroyEnabled:1]]
[2023.03.12-10.59.07:714][  0]LogConfig: Setting CVar [[gc.CreateGCClusters:1]]
[2023.03.12-10.59.07:714][  0]LogConfig: Setting CVar [[gc.MinGCClusterSize:5]]
[2023.03.12-10.59.07:714][  0]LogConfig: Setting CVar [[gc.ActorClusteringEnabled:0]]
[2023.03.12-10.59.07:714][  0]LogConfig: Setting CVar [[gc.BlueprintClusteringEnabled:0]]
[2023.03.12-10.59.07:714][  0]LogConfig: Setting CVar [[gc.UseDisregardForGCOnDedicatedServers:0]]
[2023.03.12-10.59.07:714][  0]LogConfig: Applying CVar settings from Section [/Script/Engine.NetworkSettings] File [F:/ue4_project/UnrealEngineMinecraft/Minecraft/Saved/Config/Windows/Engine.ini]
[2023.03.12-10.59.07:714][  0]LogConfig: Applying CVar settings from Section [/Script/UnrealEd.CookerSettings] File [F:/ue4_project/UnrealEngineMinecraft/Minecraft/Saved/Config/Windows/Engine.ini]
[2023.03.12-10.59.07:717][  0]LogConfig: Applying CVar settings from Section [ViewDistanceQuality@3] File [F:/ue4_project/UnrealEngineMinecraft/Minecraft/Saved/Config/Windows/Scalability.ini]
[2023.03.12-10.59.07:717][  0]LogConfig: Setting CVar [[r.SkeletalMeshLODBias:0]]
[2023.03.12-10.59.07:717][  0]LogConfig: Setting CVar [[r.ViewDistanceScale:1.0]]
[2023.03.12-10.59.07:717][  0]LogConfig: Applying CVar settings from Section [AntiAliasingQuality@3] File [F:/ue4_project/UnrealEngineMinecraft/Minecraft/Saved/Config/Windows/Scalability.ini]
[2023.03.12-10.59.07:717][  0]LogConfig: Setting CVar [[r.PostProcessAAQuality:4]]
[2023.03.12-10.59.07:717][  0]LogConfig: Applying CVar settings from Section [ShadowQuality@3] File [F:/ue4_project/UnrealEngineMinecraft/Minecraft/Saved/Config/Windows/Scalability.ini]
[2023.03.12-10.59.07:717][  0]LogConfig: Setting CVar [[r.LightFunctionQuality:1]]
[2023.03.12-10.59.07:717][  0]LogConfig: Setting CVar [[r.ShadowQuality:5]]
[2023.03.12-10.59.07:717][  0]LogConfig: Setting CVar [[r.Shadow.CSM.MaxCascades:10]]
[2023.03.12-10.59.07:717][  0]LogConfig: Setting CVar [[r.Shadow.MaxResolution:2048]]
[2023.03.12-10.59.07:717][  0]LogConfig: Setting CVar [[r.Shadow.MaxCSMResolution:2048]]
[2023.03.12-10.59.07:717][  0]LogConfig: Setting CVar [[r.Shadow.RadiusThreshold:0.01]]
[2023.03.12-10.59.07:717][  0]LogConfig: Setting CVar [[r.Shadow.DistanceScale:1.0]]
[2023.03.12-10.59.07:717][  0]LogConfig: Setting CVar [[r.Shadow.CSM.TransitionScale:1.0]]
[2023.03.12-10.59.07:717][  0]LogConfig: Setting CVar [[r.Shadow.PreShadowResolutionFactor:1.0]]
[2023.03.12-10.59.07:717][  0]LogConfig: Setting CVar [[r.DistanceFieldShadowing:1]]
[2023.03.12-10.59.07:717][  0]LogConfig: Setting CVar [[r.DistanceFieldAO:1]]
[2023.03.12-10.59.07:717][  0]LogConfig: Setting CVar [[r.AOQuality:2]]
[2023.03.12-10.59.07:717][  0]LogConfig: Setting CVar [[r.VolumetricFog:1]]
[2023.03.12-10.59.07:717][  0]LogConfig: Setting CVar [[r.VolumetricFog.GridPixelSize:8]]
[2023.03.12-10.59.07:717][  0]LogConfig: Setting CVar [[r.VolumetricFog.GridSizeZ:128]]
[2023.03.12-10.59.07:717][  0]LogConfig: Setting CVar [[r.VolumetricFog.HistoryMissSupersampleCount:4]]
[2023.03.12-10.59.07:717][  0]LogConfig: Setting CVar [[r.LightMaxDrawDistanceScale:1]]
[2023.03.12-10.59.07:717][  0]LogConfig: Setting CVar [[r.CapsuleShadows:1]]
[2023.03.12-10.59.07:717][  0]LogConfig: Applying CVar settings from Section [PostProcessQuality@3] File [F:/ue4_project/UnrealEngineMinecraft/Minecraft/Saved/Config/Windows/Scalability.ini]
[2023.03.12-10.59.07:717][  0]LogConfig: Setting CVar [[r.MotionBlurQuality:4]]
[2023.03.12-10.59.07:717][  0]LogConfig: Setting CVar [[r.AmbientOcclusionMipLevelFactor:0.4]]
[2023.03.12-10.59.07:717][  0]LogConfig: Setting CVar [[r.AmbientOcclusionMaxQuality:100]]
[2023.03.12-10.59.07:717][  0]LogConfig: Setting CVar [[r.AmbientOcclusionLevels:-1]]
[2023.03.12-10.59.07:717][  0]LogConfig: Setting CVar [[r.AmbientOcclusionRadiusScale:1.0]]
[2023.03.12-10.59.07:717][  0]LogConfig: Setting CVar [[r.DepthOfFieldQuality:2]]
[2023.03.12-10.59.07:717][  0]LogConfig: Setting CVar [[r.RenderTargetPoolMin:400]]
[2023.03.12-10.59.07:717][  0]LogConfig: Setting CVar [[r.LensFlareQuality:2]]
[2023.03.12-10.59.07:717][  0]LogConfig: Setting CVar [[r.SceneColorFringeQuality:1]]
[2023.03.12-10.59.07:717][  0]LogConfig: Setting CVar [[r.EyeAdaptationQuality:2]]
[2023.03.12-10.59.07:717][  0]LogConfig: Setting CVar [[r.BloomQuality:5]]
[2023.03.12-10.59.07:717][  0]LogConfig: Setting CVar [[r.FastBlurThreshold:100]]
[2023.03.12-10.59.07:717][  0]LogConfig: Setting CVar [[r.Upscale.Quality:3]]
[2023.03.12-10.59.07:717][  0]LogConfig: Setting CVar [[r.Tonemapper.GrainQuantization:1]]
[2023.03.12-10.59.07:717][  0]LogConfig: Setting CVar [[r.LightShaftQuality:1]]
[2023.03.12-10.59.07:717][  0]LogConfig: Setting CVar [[r.Filter.SizeScale:1]]
[2023.03.12-10.59.07:717][  0]LogConfig: Setting CVar [[r.Tonemapper.Quality:5]]
[2023.03.12-10.59.07:717][  0]LogConfig: Setting CVar [[r.DOF.Gather.AccumulatorQuality:1        ; higher gathering accumulator quality]]
[2023.03.12-10.59.07:717][  0]LogConfig: Setting CVar [[r.DOF.Gather.PostfilterMethod:1          ; Median3x3 postfilering method]]
[2023.03.12-10.59.07:717][  0]LogConfig: Setting CVar [[r.DOF.Gather.EnableBokehSettings:0       ; no bokeh simulation when gathering]]
[2023.03.12-10.59.07:717][  0]LogConfig: Setting CVar [[r.DOF.Gather.RingCount:4                 ; medium number of samples when gathering]]
[2023.03.12-10.59.07:717][  0]LogConfig: Setting CVar [[r.DOF.Scatter.ForegroundCompositing:1    ; additive foreground scattering]]
[2023.03.12-10.59.07:718][  0]LogConfig: Setting CVar [[r.DOF.Scatter.BackgroundCompositing:2    ; additive background scattering]]
[2023.03.12-10.59.07:718][  0]LogConfig: Setting CVar [[r.DOF.Scatter.EnableBokehSettings:1      ; bokeh simulation when scattering]]
[2023.03.12-10.59.07:718][  0]LogConfig: Setting CVar [[r.DOF.Scatter.MaxSpriteRatio:0.1         ; only a maximum of 10% of scattered bokeh]]
[2023.03.12-10.59.07:718][  0]LogConfig: Setting CVar [[r.DOF.Recombine.Quality:1                ; cheap slight out of focus]]
[2023.03.12-10.59.07:718][  0]LogConfig: Setting CVar [[r.DOF.Recombine.EnableBokehSettings:0    ; no bokeh simulation on slight out of focus]]
[2023.03.12-10.59.07:718][  0]LogConfig: Setting CVar [[r.DOF.TemporalAAQuality:1                ; more stable temporal accumulation]]
[2023.03.12-10.59.07:718][  0]LogConfig: Setting CVar [[r.DOF.Kernel.MaxForegroundRadius:0.025]]
[2023.03.12-10.59.07:718][  0]LogConfig: Setting CVar [[r.DOF.Kernel.MaxBackgroundRadius:0.025]]
[2023.03.12-10.59.07:718][  0]LogConfig: Applying CVar settings from Section [TextureQuality@3] File [F:/ue4_project/UnrealEngineMinecraft/Minecraft/Saved/Config/Windows/Scalability.ini]
[2023.03.12-10.59.07:718][  0]LogConfig: Setting CVar [[r.Streaming.MipBias:0]]
[2023.03.12-10.59.07:718][  0]LogConfig: Setting CVar [[r.Streaming.AmortizeCPUToGPUCopy:0]]
[2023.03.12-10.59.07:718][  0]LogConfig: Setting CVar [[r.Streaming.MaxNumTexturesToStreamPerFrame:0]]
[2023.03.12-10.59.07:718][  0]LogConfig: Setting CVar [[r.Streaming.Boost:1]]
[2023.03.12-10.59.07:718][  0]LogConfig: Setting CVar [[r.MaxAnisotropy:8]]
[2023.03.12-10.59.07:718][  0]LogConfig: Setting CVar [[r.VT.MaxAnisotropy:8]]
[2023.03.12-10.59.07:718][  0]LogConfig: Setting CVar [[r.Streaming.LimitPoolSizeToVRAM:0]]
[2023.03.12-10.59.07:718][  0]LogConfig: Setting CVar [[r.Streaming.PoolSize:1000]]
[2023.03.12-10.59.07:718][  0]LogConfig: Setting CVar [[r.Streaming.MaxEffectiveScreenSize:0]]
[2023.03.12-10.59.07:718][  0]LogConfig: Applying CVar settings from Section [EffectsQuality@3] File [F:/ue4_project/UnrealEngineMinecraft/Minecraft/Saved/Config/Windows/Scalability.ini]
[2023.03.12-10.59.07:718][  0]LogConfig: Setting CVar [[r.TranslucencyLightingVolumeDim:64]]
[2023.03.12-10.59.07:718][  0]LogConfig: Setting CVar [[r.RefractionQuality:2]]
[2023.03.12-10.59.07:718][  0]LogConfig: Setting CVar [[r.SSR.Quality:3]]
[2023.03.12-10.59.07:718][  0]LogConfig: Setting CVar [[r.SSR.HalfResSceneColor:0]]
[2023.03.12-10.59.07:718][  0]LogConfig: Setting CVar [[r.SceneColorFormat:4]]
[2023.03.12-10.59.07:718][  0]LogConfig: Setting CVar [[r.DetailMode:2]]
[2023.03.12-10.59.07:718][  0]LogConfig: Setting CVar [[r.TranslucencyVolumeBlur:1]]
[2023.03.12-10.59.07:718][  0]LogConfig: Setting CVar [[r.MaterialQualityLevel:1 ; High quality]]
[2023.03.12-10.59.07:718][  0]LogConfig: Setting CVar [[r.SSS.Scale:1]]
[2023.03.12-10.59.07:718][  0]LogConfig: Setting CVar [[r.SSS.SampleSet:2]]
[2023.03.12-10.59.07:718][  0]LogConfig: Setting CVar [[r.SSS.Quality:1]]
[2023.03.12-10.59.07:718][  0]LogConfig: Setting CVar [[r.SSS.HalfRes:0]]
[2023.03.12-10.59.07:718][  0]LogConfig: Setting CVar [[r.SSGI.Quality:3]]
[2023.03.12-10.59.07:718][  0]LogConfig: Setting CVar [[r.EmitterSpawnRateScale:1.0]]
[2023.03.12-10.59.07:718][  0]LogConfig: Setting CVar [[r.ParticleLightQuality:2]]
[2023.03.12-10.59.07:718][  0]LogConfig: Setting CVar [[r.SkyAtmosphere.AerialPerspectiveLUT.FastApplyOnOpaque:1 ; Always have FastSkyLUT 1 in this case to avoid wrong sky]]
[2023.03.12-10.59.07:718][  0]LogConfig: Setting CVar [[r.SkyAtmosphere.AerialPerspectiveLUT.SampleCountPerSlice:1]]
[2023.03.12-10.59.07:718][  0]LogConfig: Setting CVar [[r.SkyAtmosphere.AerialPerspectiveLUT.DepthResolution:16.0]]
[2023.03.12-10.59.07:718][  0]LogConfig: Setting CVar [[r.SkyAtmosphere.FastSkyLUT:1]]
[2023.03.12-10.59.07:718][  0]LogConfig: Setting CVar [[r.SkyAtmosphere.FastSkyLUT.SampleCountMin:4.0]]
[2023.03.12-10.59.07:718][  0]LogConfig: Setting CVar [[r.SkyAtmosphere.FastSkyLUT.SampleCountMax:32.0]]
[2023.03.12-10.59.07:718][  0]LogConfig: Setting CVar [[r.SkyAtmosphere.SampleCountMin:4.0]]
[2023.03.12-10.59.07:718][  0]LogConfig: Setting CVar [[r.SkyAtmosphere.SampleCountMax:32.0]]
[2023.03.12-10.59.07:718][  0]LogConfig: Setting CVar [[r.SkyAtmosphere.TransmittanceLUT.UseSmallFormat:0]]
[2023.03.12-10.59.07:718][  0]LogConfig: Setting CVar [[r.SkyAtmosphere.TransmittanceLUT.SampleCount:10.0]]
[2023.03.12-10.59.07:718][  0]LogConfig: Setting CVar [[r.SkyAtmosphere.MultiScatteringLUT.SampleCount:15.0]]
[2023.03.12-10.59.07:718][  0]LogConfig: Applying CVar settings from Section [FoliageQuality@3] File [F:/ue4_project/UnrealEngineMinecraft/Minecraft/Saved/Config/Windows/Scalability.ini]
[2023.03.12-10.59.07:718][  0]LogConfig: Setting CVar [[foliage.DensityScale:1.0]]
[2023.03.12-10.59.07:718][  0]LogConfig: Setting CVar [[grass.DensityScale:1.0]]
[2023.03.12-10.59.07:718][  0]LogConfig: Applying CVar settings from Section [ShadingQuality@3] File [F:/ue4_project/UnrealEngineMinecraft/Minecraft/Saved/Config/Windows/Scalability.ini]
[2023.03.12-10.59.07:718][  0]LogConfig: Setting CVar [[r.HairStrands.SkyLighting.SampleCount:16]]
[2023.03.12-10.59.07:718][  0]LogConfig: Setting CVar [[r.HairStrands.SkyLighting.JitterIntegration:0]]
[2023.03.12-10.59.07:718][  0]LogConfig: Setting CVar [[r.HairStrands.SkyAO.SampleCount:16]]
[2023.03.12-10.59.07:718][  0]LogConfig: Setting CVar [[r.HairStrands.DeepShadow.SuperSampling:0]]
[2023.03.12-10.59.07:718][  0]LogConfig: Setting CVar [[r.HairStrands.VisibilityPPLL:0]]
[2023.03.12-10.59.07:718][  0]LogConfig: Setting CVar [[r.HairStrands.RasterizationScale:0.5]]
[2023.03.12-10.59.07:718][  0]LogConfig: Setting CVar [[r.HairStrands.VelocityRasterizationScale:1]]
[2023.03.12-10.59.07:718][  0]LogInit: Selected Device Profile: [Windows]
[2023.03.12-10.59.07:718][  0]LogInit: Applying CVar settings loaded from the selected device profile: [Windows]
[2023.03.12-10.59.07:718][  0]LogHAL: Display: Platform has ~ 32 GB [34145763328 / 34359738368 / 32], which maps to Largest [LargestMinGB=32, LargerMinGB=12, DefaultMinGB=8, SmallerMinGB=6, SmallestMinGB=0)
[2023.03.12-10.59.07:718][  0]LogInit: Going up to parent DeviceProfile []
[2023.03.12-10.59.07:718][  0]LogConfig: Applying CVar settings from Section [ViewDistanceQuality@3] File [F:/ue4_project/UnrealEngineMinecraft/Minecraft/Saved/Config/Windows/Scalability.ini]
[2023.03.12-10.59.07:718][  0]LogConfig: Setting CVar [[r.SkeletalMeshLODBias:0]]
[2023.03.12-10.59.07:718][  0]LogConfig: Setting CVar [[r.ViewDistanceScale:1.0]]
[2023.03.12-10.59.07:718][  0]LogConfig: Applying CVar settings from Section [AntiAliasingQuality@3] File [F:/ue4_project/UnrealEngineMinecraft/Minecraft/Saved/Config/Windows/Scalability.ini]
[2023.03.12-10.59.07:718][  0]LogConfig: Setting CVar [[r.PostProcessAAQuality:4]]
[2023.03.12-10.59.07:718][  0]LogConfig: Applying CVar settings from Section [ShadowQuality@3] File [F:/ue4_project/UnrealEngineMinecraft/Minecraft/Saved/Config/Windows/Scalability.ini]
[2023.03.12-10.59.07:718][  0]LogConfig: Setting CVar [[r.LightFunctionQuality:1]]
[2023.03.12-10.59.07:718][  0]LogConfig: Setting CVar [[r.ShadowQuality:5]]
[2023.03.12-10.59.07:718][  0]LogConfig: Setting CVar [[r.Shadow.CSM.MaxCascades:10]]
[2023.03.12-10.59.07:718][  0]LogConfig: Setting CVar [[r.Shadow.MaxResolution:2048]]
[2023.03.12-10.59.07:718][  0]LogConfig: Setting CVar [[r.Shadow.MaxCSMResolution:2048]]
[2023.03.12-10.59.07:718][  0]LogConfig: Setting CVar [[r.Shadow.RadiusThreshold:0.01]]
[2023.03.12-10.59.07:718][  0]LogConfig: Setting CVar [[r.Shadow.DistanceScale:1.0]]
[2023.03.12-10.59.07:718][  0]LogConfig: Setting CVar [[r.Shadow.CSM.TransitionScale:1.0]]
[2023.03.12-10.59.07:718][  0]LogConfig: Setting CVar [[r.Shadow.PreShadowResolutionFactor:1.0]]
[2023.03.12-10.59.07:718][  0]LogConfig: Setting CVar [[r.DistanceFieldShadowing:1]]
[2023.03.12-10.59.07:718][  0]LogConfig: Setting CVar [[r.DistanceFieldAO:1]]
[2023.03.12-10.59.07:718][  0]LogConfig: Setting CVar [[r.AOQuality:2]]
[2023.03.12-10.59.07:718][  0]LogConfig: Setting CVar [[r.VolumetricFog:1]]
[2023.03.12-10.59.07:718][  0]LogConfig: Setting CVar [[r.VolumetricFog.GridPixelSize:8]]
[2023.03.12-10.59.07:718][  0]LogConfig: Setting CVar [[r.VolumetricFog.GridSizeZ:128]]
[2023.03.12-10.59.07:718][  0]LogConfig: Setting CVar [[r.VolumetricFog.HistoryMissSupersampleCount:4]]
[2023.03.12-10.59.07:718][  0]LogConfig: Setting CVar [[r.LightMaxDrawDistanceScale:1]]
[2023.03.12-10.59.07:718][  0]LogConfig: Setting CVar [[r.CapsuleShadows:1]]
[2023.03.12-10.59.07:718][  0]LogConfig: Applying CVar settings from Section [PostProcessQuality@3] File [F:/ue4_project/UnrealEngineMinecraft/Minecraft/Saved/Config/Windows/Scalability.ini]
[2023.03.12-10.59.07:718][  0]LogConfig: Setting CVar [[r.MotionBlurQuality:4]]
[2023.03.12-10.59.07:718][  0]LogConfig: Setting CVar [[r.AmbientOcclusionMipLevelFactor:0.4]]
[2023.03.12-10.59.07:718][  0]LogConfig: Setting CVar [[r.AmbientOcclusionMaxQuality:100]]
[2023.03.12-10.59.07:718][  0]LogConfig: Setting CVar [[r.AmbientOcclusionLevels:-1]]
[2023.03.12-10.59.07:718][  0]LogConfig: Setting CVar [[r.AmbientOcclusionRadiusScale:1.0]]
[2023.03.12-10.59.07:718][  0]LogConfig: Setting CVar [[r.DepthOfFieldQuality:2]]
[2023.03.12-10.59.07:718][  0]LogConfig: Setting CVar [[r.RenderTargetPoolMin:400]]
[2023.03.12-10.59.07:718][  0]LogConfig: Setting CVar [[r.LensFlareQuality:2]]
[2023.03.12-10.59.07:718][  0]LogConfig: Setting CVar [[r.SceneColorFringeQuality:1]]
[2023.03.12-10.59.07:718][  0]LogConfig: Setting CVar [[r.EyeAdaptationQuality:2]]
[2023.03.12-10.59.07:718][  0]LogConfig: Setting CVar [[r.BloomQuality:5]]
[2023.03.12-10.59.07:718][  0]LogConfig: Setting CVar [[r.FastBlurThreshold:100]]
[2023.03.12-10.59.07:719][  0]LogConfig: Setting CVar [[r.Upscale.Quality:3]]
[2023.03.12-10.59.07:719][  0]LogConfig: Setting CVar [[r.Tonemapper.GrainQuantization:1]]
[2023.03.12-10.59.07:719][  0]LogConfig: Setting CVar [[r.LightShaftQuality:1]]
[2023.03.12-10.59.07:719][  0]LogConfig: Setting CVar [[r.Filter.SizeScale:1]]
[2023.03.12-10.59.07:719][  0]LogConfig: Setting CVar [[r.Tonemapper.Quality:5]]
[2023.03.12-10.59.07:719][  0]LogConfig: Setting CVar [[r.DOF.Gather.AccumulatorQuality:1        ; higher gathering accumulator quality]]
[2023.03.12-10.59.07:719][  0]LogConfig: Setting CVar [[r.DOF.Gather.PostfilterMethod:1          ; Median3x3 postfilering method]]
[2023.03.12-10.59.07:719][  0]LogConfig: Setting CVar [[r.DOF.Gather.EnableBokehSettings:0       ; no bokeh simulation when gathering]]
[2023.03.12-10.59.07:719][  0]LogConfig: Setting CVar [[r.DOF.Gather.RingCount:4                 ; medium number of samples when gathering]]
[2023.03.12-10.59.07:719][  0]LogConfig: Setting CVar [[r.DOF.Scatter.ForegroundCompositing:1    ; additive foreground scattering]]
[2023.03.12-10.59.07:719][  0]LogConfig: Setting CVar [[r.DOF.Scatter.BackgroundCompositing:2    ; additive background scattering]]
[2023.03.12-10.59.07:719][  0]LogConfig: Setting CVar [[r.DOF.Scatter.EnableBokehSettings:1      ; bokeh simulation when scattering]]
[2023.03.12-10.59.07:719][  0]LogConfig: Setting CVar [[r.DOF.Scatter.MaxSpriteRatio:0.1         ; only a maximum of 10% of scattered bokeh]]
[2023.03.12-10.59.07:719][  0]LogConfig: Setting CVar [[r.DOF.Recombine.Quality:1                ; cheap slight out of focus]]
[2023.03.12-10.59.07:719][  0]LogConfig: Setting CVar [[r.DOF.Recombine.EnableBokehSettings:0    ; no bokeh simulation on slight out of focus]]
[2023.03.12-10.59.07:719][  0]LogConfig: Setting CVar [[r.DOF.TemporalAAQuality:1                ; more stable temporal accumulation]]
[2023.03.12-10.59.07:719][  0]LogConfig: Setting CVar [[r.DOF.Kernel.MaxForegroundRadius:0.025]]
[2023.03.12-10.59.07:719][  0]LogConfig: Setting CVar [[r.DOF.Kernel.MaxBackgroundRadius:0.025]]
[2023.03.12-10.59.07:719][  0]LogConfig: Applying CVar settings from Section [TextureQuality@3] File [F:/ue4_project/UnrealEngineMinecraft/Minecraft/Saved/Config/Windows/Scalability.ini]
[2023.03.12-10.59.07:719][  0]LogConfig: Setting CVar [[r.Streaming.MipBias:0]]
[2023.03.12-10.59.07:719][  0]LogConfig: Setting CVar [[r.Streaming.AmortizeCPUToGPUCopy:0]]
[2023.03.12-10.59.07:719][  0]LogConfig: Setting CVar [[r.Streaming.MaxNumTexturesToStreamPerFrame:0]]
[2023.03.12-10.59.07:719][  0]LogConfig: Setting CVar [[r.Streaming.Boost:1]]
[2023.03.12-10.59.07:719][  0]LogConfig: Setting CVar [[r.MaxAnisotropy:8]]
[2023.03.12-10.59.07:719][  0]LogConfig: Setting CVar [[r.VT.MaxAnisotropy:8]]
[2023.03.12-10.59.07:719][  0]LogConfig: Setting CVar [[r.Streaming.LimitPoolSizeToVRAM:0]]
[2023.03.12-10.59.07:719][  0]LogConfig: Setting CVar [[r.Streaming.PoolSize:1000]]
[2023.03.12-10.59.07:719][  0]LogConfig: Setting CVar [[r.Streaming.MaxEffectiveScreenSize:0]]
[2023.03.12-10.59.07:719][  0]LogConfig: Applying CVar settings from Section [EffectsQuality@3] File [F:/ue4_project/UnrealEngineMinecraft/Minecraft/Saved/Config/Windows/Scalability.ini]
[2023.03.12-10.59.07:719][  0]LogConfig: Setting CVar [[r.TranslucencyLightingVolumeDim:64]]
[2023.03.12-10.59.07:719][  0]LogConfig: Setting CVar [[r.RefractionQuality:2]]
[2023.03.12-10.59.07:719][  0]LogConfig: Setting CVar [[r.SSR.Quality:3]]
[2023.03.12-10.59.07:719][  0]LogConfig: Setting CVar [[r.SSR.HalfResSceneColor:0]]
[2023.03.12-10.59.07:719][  0]LogConfig: Setting CVar [[r.SceneColorFormat:4]]
[2023.03.12-10.59.07:719][  0]LogConfig: Setting CVar [[r.DetailMode:2]]
[2023.03.12-10.59.07:719][  0]LogConfig: Setting CVar [[r.TranslucencyVolumeBlur:1]]
[2023.03.12-10.59.07:719][  0]LogConfig: Setting CVar [[r.MaterialQualityLevel:1 ; High quality]]
[2023.03.12-10.59.07:719][  0]LogConfig: Setting CVar [[r.SSS.Scale:1]]
[2023.03.12-10.59.07:719][  0]LogConfig: Setting CVar [[r.SSS.SampleSet:2]]
[2023.03.12-10.59.07:719][  0]LogConfig: Setting CVar [[r.SSS.Quality:1]]
[2023.03.12-10.59.07:719][  0]LogConfig: Setting CVar [[r.SSS.HalfRes:0]]
[2023.03.12-10.59.07:719][  0]LogConfig: Setting CVar [[r.SSGI.Quality:3]]
[2023.03.12-10.59.07:719][  0]LogConfig: Setting CVar [[r.EmitterSpawnRateScale:1.0]]
[2023.03.12-10.59.07:719][  0]LogConfig: Setting CVar [[r.ParticleLightQuality:2]]
[2023.03.12-10.59.07:719][  0]LogConfig: Setting CVar [[r.SkyAtmosphere.AerialPerspectiveLUT.FastApplyOnOpaque:1 ; Always have FastSkyLUT 1 in this case to avoid wrong sky]]
[2023.03.12-10.59.07:719][  0]LogConfig: Setting CVar [[r.SkyAtmosphere.AerialPerspectiveLUT.SampleCountPerSlice:1]]
[2023.03.12-10.59.07:719][  0]LogConfig: Setting CVar [[r.SkyAtmosphere.AerialPerspectiveLUT.DepthResolution:16.0]]
[2023.03.12-10.59.07:719][  0]LogConfig: Setting CVar [[r.SkyAtmosphere.FastSkyLUT:1]]
[2023.03.12-10.59.07:719][  0]LogConfig: Setting CVar [[r.SkyAtmosphere.FastSkyLUT.SampleCountMin:4.0]]
[2023.03.12-10.59.07:719][  0]LogConfig: Setting CVar [[r.SkyAtmosphere.FastSkyLUT.SampleCountMax:32.0]]
[2023.03.12-10.59.07:719][  0]LogConfig: Setting CVar [[r.SkyAtmosphere.SampleCountMin:4.0]]
[2023.03.12-10.59.07:719][  0]LogConfig: Setting CVar [[r.SkyAtmosphere.SampleCountMax:32.0]]
[2023.03.12-10.59.07:719][  0]LogConfig: Setting CVar [[r.SkyAtmosphere.TransmittanceLUT.UseSmallFormat:0]]
[2023.03.12-10.59.07:719][  0]LogConfig: Setting CVar [[r.SkyAtmosphere.TransmittanceLUT.SampleCount:10.0]]
[2023.03.12-10.59.07:719][  0]LogConfig: Setting CVar [[r.SkyAtmosphere.MultiScatteringLUT.SampleCount:15.0]]
[2023.03.12-10.59.07:719][  0]LogConfig: Applying CVar settings from Section [FoliageQuality@3] File [F:/ue4_project/UnrealEngineMinecraft/Minecraft/Saved/Config/Windows/Scalability.ini]
[2023.03.12-10.59.07:719][  0]LogConfig: Setting CVar [[foliage.DensityScale:1.0]]
[2023.03.12-10.59.07:719][  0]LogConfig: Setting CVar [[grass.DensityScale:1.0]]
[2023.03.12-10.59.07:719][  0]LogConfig: Applying CVar settings from Section [ShadingQuality@3] File [F:/ue4_project/UnrealEngineMinecraft/Minecraft/Saved/Config/Windows/Scalability.ini]
[2023.03.12-10.59.07:719][  0]LogConfig: Setting CVar [[r.HairStrands.SkyLighting.SampleCount:16]]
[2023.03.12-10.59.07:719][  0]LogConfig: Setting CVar [[r.HairStrands.SkyLighting.JitterIntegration:0]]
[2023.03.12-10.59.07:719][  0]LogConfig: Setting CVar [[r.HairStrands.SkyAO.SampleCount:16]]
[2023.03.12-10.59.07:719][  0]LogConfig: Setting CVar [[r.HairStrands.DeepShadow.SuperSampling:0]]
[2023.03.12-10.59.07:719][  0]LogConfig: Setting CVar [[r.HairStrands.VisibilityPPLL:0]]
[2023.03.12-10.59.07:719][  0]LogConfig: Setting CVar [[r.HairStrands.RasterizationScale:0.5]]
[2023.03.12-10.59.07:719][  0]LogConfig: Setting CVar [[r.HairStrands.VelocityRasterizationScale:1]]
[2023.03.12-10.59.07:719][  0]LogConfig: Applying CVar settings from Section [Startup] File [../../../Engine/Config/ConsoleVariables.ini]
[2023.03.12-10.59.07:719][  0]LogConfig: Setting CVar [[net.UseAdaptiveNetUpdateFrequency:0]]
[2023.03.12-10.59.07:719][  0]LogConfig: Setting CVar [[p.chaos.AllowCreatePhysxBodies:1]]
[2023.03.12-10.59.07:719][  0]LogConfig: Setting CVar [[fx.SkipVectorVMBackendOptimizations:1]]
[2023.03.12-10.59.07:719][  0]LogConfig: Applying CVar settings from Section [ConsoleVariables] File [F:/ue4_project/UnrealEngineMinecraft/Minecraft/Saved/Config/Windows/Engine.ini]
[2023.03.12-10.59.07:719][  0]LogInit: Computer: ZLEOLIU-PC3
[2023.03.12-10.59.07:719][  0]LogInit: User: Administrator
[2023.03.12-10.59.07:719][  0]LogInit: CPU Page size=4096, Cores=6
[2023.03.12-10.59.07:719][  0]LogInit: High frequency timer resolution =14.318180 MHz
[2023.03.12-10.59.07:719][  0]LogMemory: Memory total: Physical=31.8GB (32GB approx)
[2023.03.12-10.59.07:720][  0]LogMemory: Platform Memory Stats for Windows
[2023.03.12-10.59.07:720][  0]LogMemory: Process Physical Memory: 117.34 MB used, 117.35 MB peak
[2023.03.12-10.59.07:720][  0]LogMemory: Process Virtual Memory: 105.07 MB used, 105.07 MB peak
[2023.03.12-10.59.07:720][  0]LogMemory: Physical Memory: 15409.79 MB used,  17154.15 MB free, 32563.94 MB total
[2023.03.12-10.59.07:720][  0]LogMemory: Virtual Memory: 5175.05 MB used,  134212552.00 MB free, 134217728.00 MB total
[2023.03.12-10.59.07:725][  0]LogWindows: WindowsPlatformFeatures enabled
[2023.03.12-10.59.07:868][  0]LogInit: Physics initialised using underlying interface: PhysX
[2023.03.12-10.59.07:869][  0]LogInit: Overriding language with editor language configuration option (en).
[2023.03.12-10.59.07:869][  0]LogInit: Overriding locale with editor culture configuration option ().
[2023.03.12-10.59.07:869][  0]LogInit: Using OS detected locale (zh-CN).
[2023.03.12-10.59.07:989][  0]LogInit: Setting process to per monitor DPI aware
[2023.03.12-10.59.08:062][  0]LogSlate: New Slate User Created.  User Index 0, Is Virtual User: 0
[2023.03.12-10.59.08:062][  0]LogSlate: Slate User Registered.  User Index 0, Is Virtual User: 0
[2023.03.12-10.59.08:153][  0]LogHMD: Failed to initialize OpenVR with code 110
[2023.03.12-10.59.08:153][  0]LogD3D11RHI: D3D11 min allowed feature level: 11_0
[2023.03.12-10.59.08:153][  0]LogD3D11RHI: D3D11 max allowed feature level: 11_0
[2023.03.12-10.59.08:153][  0]LogD3D11RHI: D3D11 adapters:
[2023.03.12-10.59.08:506][  0]LogD3D11RHI:    0. 'NVIDIA GeForce RTX 3060 Ti' (Feature Level 11_0)
[2023.03.12-10.59.08:506][  0]LogD3D11RHI:       8038/0/16281 MB DedicatedVideo/DedicatedSystem/SharedSystem, Outputs:1, VendorId:0x10de
[2023.03.12-10.59.08:538][  0]LogD3D11RHI:    1. 'Microsoft Basic Render Driver' (Feature Level 11_0)
[2023.03.12-10.59.08:538][  0]LogD3D11RHI:       0/0/16281 MB DedicatedVideo/DedicatedSystem/SharedSystem, Outputs:0, VendorId:0x1414
[2023.03.12-10.59.08:538][  0]LogD3D11RHI: Chosen D3D11 Adapter: 0
[2023.03.12-10.59.08:543][  0]LogD3D11RHI: Creating new Direct3DDevice
[2023.03.12-10.59.08:543][  0]LogD3D11RHI:     GPU DeviceId: 0x2414 (for the marketing name, search the web for "GPU Device Id")
[2023.03.12-10.59.08:543][  0]LogWindows: EnumDisplayDevices:
[2023.03.12-10.59.08:544][  0]LogWindows:    0. 'NVIDIA GeForce RTX 3060 Ti' (P:1 D:1)
[2023.03.12-10.59.08:544][  0]LogWindows:    1. 'NVIDIA GeForce RTX 3060 Ti' (P:0 D:0)
[2023.03.12-10.59.08:544][  0]LogWindows:    2. 'NVIDIA GeForce RTX 3060 Ti' (P:0 D:0)
[2023.03.12-10.59.08:544][  0]LogWindows:    3. 'NVIDIA GeForce RTX 3060 Ti' (P:0 D:0)
[2023.03.12-10.59.08:544][  0]LogWindows: DebugString: FoundDriverCount:4 
[2023.03.12-10.59.08:544][  0]LogD3D11RHI:     Adapter Name: NVIDIA GeForce RTX 3060 Ti
[2023.03.12-10.59.08:544][  0]LogD3D11RHI:   Driver Version: 527.56 (internal:31.0.15.2756, unified:527.56)
[2023.03.12-10.59.08:544][  0]LogD3D11RHI:      Driver Date: 12-5-2022
[2023.03.12-10.59.08:544][  0]LogRHI: Texture pool is 5626 MB (70% of 8038 MB)
[2023.03.12-10.59.08:601][  0]LogD3D11RHI: RHI has support for 64 bit atomics
[2023.03.12-10.59.08:601][  0]LogD3D11RHI: Async texture creation enabled
[2023.03.12-10.59.08:601][  0]LogD3D11RHI: Array index from any shader is supported
[2023.03.12-10.59.08:602][  0]LogD3D11RHI: HDR output is supported on display 0 (NvId: 0x80061080).
[2023.03.12-10.59.08:617][  0]LogD3D11RHI: GPU Timing Frequency: 1000.000000 (Debug: 2 1)
[2023.03.12-10.59.09:371][  0]LogTargetPlatformManager: Display: Loaded TargetPlatform 'AllDesktop'
[2023.03.12-10.59.09:389][  0]LogTargetPlatformManager: Display: Loaded TargetPlatform 'Android'
[2023.03.12-10.59.09:389][  0]LogTargetPlatformManager: Display: Loaded TargetPlatform 'Android_ASTC'
[2023.03.12-10.59.09:389][  0]LogTargetPlatformManager: Display: Loaded TargetPlatform 'Android_DXT'
[2023.03.12-10.59.09:389][  0]LogTargetPlatformManager: Display: Loaded TargetPlatform 'Android_ETC2'
[2023.03.12-10.59.09:389][  0]LogTargetPlatformManager: Display: Loaded TargetPlatform 'AndroidClient'
[2023.03.12-10.59.09:389][  0]LogTargetPlatformManager: Display: Loaded TargetPlatform 'Android_ASTCClient'
[2023.03.12-10.59.09:389][  0]LogTargetPlatformManager: Display: Loaded TargetPlatform 'Android_DXTClient'
[2023.03.12-10.59.09:389][  0]LogTargetPlatformManager: Display: Loaded TargetPlatform 'Android_ETC2Client'
[2023.03.12-10.59.09:389][  0]LogTargetPlatformManager: Display: Loaded TargetPlatform 'Android_Multi'
[2023.03.12-10.59.09:389][  0]LogTargetPlatformManager: Display: Loaded TargetPlatform 'Android_MultiClient'
[2023.03.12-10.59.09:411][  0]LogTargetPlatformManager: Display: Loaded TargetPlatform 'IOSClient'
[2023.03.12-10.59.09:411][  0]LogTargetPlatformManager: Display: Loaded TargetPlatform 'IOS'
[2023.03.12-10.59.09:419][  0]LogTargetPlatformManager: Display: Loaded TargetPlatform 'Linux'
[2023.03.12-10.59.09:427][  0]LogTargetPlatformManager: Display: Loaded TargetPlatform 'LinuxNoEditor'
[2023.03.12-10.59.09:434][  0]LogTargetPlatformManager: Display: Loaded TargetPlatform 'LinuxClient'
[2023.03.12-10.59.09:442][  0]LogTargetPlatformManager: Display: Loaded TargetPlatform 'LinuxServer'
[2023.03.12-10.59.09:449][  0]LogTargetPlatformManager: Display: Loaded TargetPlatform 'LinuxAArch64NoEditor'
[2023.03.12-10.59.09:457][  0]LogTargetPlatformManager: Display: Loaded TargetPlatform 'LinuxAArch64Client'
[2023.03.12-10.59.09:465][  0]LogTargetPlatformManager: Display: Loaded TargetPlatform 'LinuxAArch64Server'
[2023.03.12-10.59.09:484][  0]LogTargetPlatformManager: Display: Loaded TargetPlatform 'Lumin'
[2023.03.12-10.59.09:484][  0]LogTargetPlatformManager: Display: Loaded TargetPlatform 'LuminClient'
[2023.03.12-10.59.09:496][  0]LogTargetPlatformManager: Display: Loaded TargetPlatform 'TVOSClient'
[2023.03.12-10.59.09:496][  0]LogTargetPlatformManager: Display: Loaded TargetPlatform 'TVOS'
[2023.03.12-10.59.09:504][  0]LogTargetPlatformManager: Display: Loaded TargetPlatform 'WindowsNoEditor'
[2023.03.12-10.59.09:512][  0]LogTargetPlatformManager: Display: Loaded TargetPlatform 'Windows'
[2023.03.12-10.59.09:521][  0]LogTargetPlatformManager: Display: Loaded TargetPlatform 'WindowsClient'
[2023.03.12-10.59.09:528][  0]LogTargetPlatformManager: Display: Loaded TargetPlatform 'WindowsServer'
[2023.03.12-10.59.09:528][  0]LogTargetPlatformManager: Display: Building Assets For Windows
[2023.03.12-10.59.09:544][  0]LogAudioDebug: Display: Lib vorbis DLL was dynamically loaded.
[2023.03.12-10.59.09:667][  0]LogShaderCompilers: Guid format shader working directory is -2 characters bigger than the processId version (../../../../ue4_project/UnrealEngineMinecraft/Minecraft/Intermediate/Shaders/WorkingDirectory/15844/).
[2023.03.12-10.59.09:667][  0]LogShaderCompilers: Cleaned the shader compiler working directory 'C:/Users/Administrator/AppData/Local/Temp/UnrealShaderWorkingDir/D6B1F7AF49DE969F566379907EDB9BC0/'.
[2023.03.12-10.59.09:667][  0]LogXGEController: Cannot use XGE Controller as Incredibuild is not installed on this machine.
[2023.03.12-10.59.09:667][  0]LogShaderCompilers: Cannot use XGE Shader Compiler as Incredibuild is not installed on this machine.
[2023.03.12-10.59.09:667][  0]LogShaderCompilers: Display: Using Local Shader Compiler.
[2023.03.12-10.59.10:336][  0]LogDerivedDataCache: Display: Max Cache Size: 512 MB
[2023.03.12-10.59.10:369][  0]LogDerivedDataCache: Loaded boot cache 0.03s 79MB C:/Users/Administrator/AppData/Local/UnrealEngine/4.25/DerivedDataCache/Boot.ddc.
[2023.03.12-10.59.10:369][  0]LogDerivedDataCache: Display: Loaded Boot cache: C:/Users/Administrator/AppData/Local/UnrealEngine/4.25/DerivedDataCache/Boot.ddc
[2023.03.12-10.59.10:369][  0]LogDerivedDataCache: FDerivedDataBackendGraph:  Pak pak cache file ../../../../ue4_project/UnrealEngineMinecraft/Minecraft/DerivedDataCache/DDC.ddp not found, will not use a pak cache.
[2023.03.12-10.59.10:369][  0]LogDerivedDataCache: Unable to find inner node Pak for hierarchical cache Hierarchy.
[2023.03.12-10.59.10:369][  0]LogDerivedDataCache: FDerivedDataBackendGraph:  CompressedPak pak cache file ../../../../ue4_project/UnrealEngineMinecraft/Minecraft/DerivedDataCache/Compressed.ddp not found, will not use a pak cache.
[2023.03.12-10.59.10:369][  0]LogDerivedDataCache: Unable to find inner node CompressedPak for hierarchical cache Hierarchy.
[2023.03.12-10.59.10:378][  0]LogDerivedDataCache: Display: Pak cache opened for reading ../../../Engine/DerivedDataCache/Compressed.ddp.
[2023.03.12-10.59.10:378][  0]LogDerivedDataCache: FDerivedDataBackendGraph:  EnterprisePak pak cache file ../../../Enterprise/DerivedDataCache/Compressed.ddp not found, will not use a pak cache.
[2023.03.12-10.59.10:378][  0]LogDerivedDataCache: Unable to find inner node EnterprisePak for hierarchical cache Hierarchy.
[2023.03.12-10.59.10:379][  0]LogDerivedDataCache: Using Local data cache path C:/Users/Administrator/AppData/Local/UnrealEngine/Common/DerivedDataCache: Writable
[2023.03.12-10.59.10:379][  0]LogDerivedDataCache: Shared data cache path not found in *engine.ini, will not use an Shared cache.
[2023.03.12-10.59.10:379][  0]LogDerivedDataCache: Unable to find inner node Shared for hierarchical cache Hierarchy.
[2023.03.12-10.59.10:418][  0]LogSlate: Using FreeType 2.10.0
[2023.03.12-10.59.10:419][  0]LogSlate: SlateFontServices - WITH_FREETYPE: 1, WITH_HARFBUZZ: 1
[2023.03.12-10.59.10:439][  0]LogAssetRegistry: FAssetRegistry took 0.0020 seconds to start up
[2023.03.12-10.59.10:606][  0]LogInit: Selected Device Profile: [Windows]
[2023.03.12-10.59.10:812][  0]LogMeshReduction: Using QuadricMeshReduction for automatic static mesh reduction
[2023.03.12-10.59.10:812][  0]LogMeshReduction: Using SimplygonMeshReduction for automatic skeletal mesh reduction
[2023.03.12-10.59.10:812][  0]LogMeshReduction: Using ProxyLODMeshReduction for automatic mesh merging
[2023.03.12-10.59.10:812][  0]LogMeshReduction: No distributed automatic mesh merging module available
[2023.03.12-10.59.10:812][  0]LogMeshMerging: No distributed automatic mesh merging module available
[2023.03.12-10.59.10:825][  0]LogNetVersion: Minecraft 1.0.0, NetCL: 13144385, EngineNetVer: 14, GameNetVer: 0 (Checksum: 1386176360)
[2023.03.12-10.59.11:137][  0]LogAISub: UAISubsystem::UAISubsystem AISubsystem (000001EA7A6B2AC0), frame # 0
[2023.03.12-10.59.11:137][  0]LogAISub: UAISubsystem::UAISubsystem AIPerceptionSystem (000001EA7A65AAC0), frame # 0
[2023.03.12-10.59.11:138][  0]LogAISub: UAISubsystem::UAISubsystem EnvQueryManager (000001EA7A6D8800), frame # 0
[2023.03.12-10.59.11:168][  0]LogPackageLocalizationCache: Processed 19 localized package path(s) for 1 prioritized culture(s) in 0.025780 seconds
[2023.03.12-10.59.11:172][  0]LogUObjectArray: 15917 objects as part of root set at end of initial load.
[2023.03.12-10.59.11:172][  0]LogUObjectAllocator: 3965568 out of 0 bytes used by permanent object pool.
[2023.03.12-10.59.11:172][  0]LogUObjectArray: CloseDisregardForGC: 0/0 objects in disregard for GC pool
[2023.03.12-10.59.11:732][  0]LogTcpMessaging: Initializing TcpMessaging bridge
[2023.03.12-10.59.11:737][  0]LogUdpMessaging: Initializing bridge on interface 0.0.0.0:0 to multicast group 230.0.0.1:6666.
[2023.03.12-10.59.11:779][  0]LogTemp: stone: load Material success
[2023.03.12-10.59.11:782][  0]LogTemp: grass: load Material success
[2023.03.12-10.59.11:784][  0]LogTemp: dirt: load Material success
[2023.03.12-10.59.11:947][  0]SourceControl: Source control is disabled
[2023.03.12-10.59.11:947][  0]SourceControl: Source control is disabled
[2023.03.12-10.59.11:970][  0]SourceControl: Source control is disabled
[2023.03.12-10.59.11:976][  0]SourceControl: Source control is disabled
[2023.03.12-10.59.11:990][  0]SourceControl: Source control is disabled
[2023.03.12-10.59.12:364][  0]LogAndroidPermission: UAndroidPermissionCallbackProxy::GetInstance
[2023.03.12-10.59.12:385][  0]LogAudioCaptureCore: Display: No Audio Capture implementations found. Audio input will be silent.
[2023.03.12-10.59.12:385][  0]LogAudioCaptureCore: Display: No Audio Capture implementations found. Audio input will be silent.
[2023.03.12-10.59.12:439][  0]LogOcInput: OculusInput pre-init called
[2023.03.12-10.59.12:451][  0]LogWindows: Failed to load 'OVRPlugin.dll' (GetLastError=126)
[2023.03.12-10.59.12:451][  0]LogWindows: File 'OVRPlugin.dll' does not exist
[2023.03.12-10.59.12:515][  0]LogEngine: Initializing Engine...
[2023.03.12-10.59.12:516][  0]LogHMD: Failed to initialize OpenVR with code 110
[2023.03.12-10.59.12:516][  0]LogMagicLeap: Warning: VR disabled because ZI is not enabled.  To enable, in the editor, Edit -> Project Settings -> Plugins -> Magic Leap Plugin -> Enable Zero Iteration
[2023.03.12-10.59.12:517][  0]LogStats: UGameplayTagsManager::InitializeManager -  0.000 s
[2023.03.12-10.59.12:598][  0]LogInit: Initializing FReadOnlyCVARCache
[2023.03.12-10.59.12:607][  0]LogAIModule: Creating AISystem for world Untitled
[2023.03.12-10.59.12:607][  0]LogAISub: UAISubsystem::UAISubsystem EnvQueryManager (000001EA05C3FC00), frame # 0
[2023.03.12-10.59.12:607][  0]LogAISub: UAISubsystem::UAISubsystem AIPerceptionSystem (000001EA04CA5440), frame # 0
[2023.03.12-10.59.12:615][  0]LogAudioMixer: Display: Audio Mixer Platform Settings:
[2023.03.12-10.59.12:615][  0]LogAudioMixer: Display: 	Sample Rate:						  48000
[2023.03.12-10.59.12:615][  0]LogAudioMixer: Display: 	Callback Buffer Frame Size Requested: 1024
[2023.03.12-10.59.12:615][  0]LogAudioMixer: Display: 	Callback Buffer Frame Size To Use:	  1024
[2023.03.12-10.59.12:615][  0]LogAudioMixer: Display: 	Number of buffers to queue:			  2
[2023.03.12-10.59.12:615][  0]LogAudioMixer: Display: 	Max Channels (voices):				  32
[2023.03.12-10.59.12:615][  0]LogAudioMixer: Display: 	Number of Async Source Workers:		  0
[2023.03.12-10.59.12:615][  0]LogAudio: Display: AudioDevice MaxSources: 32
[2023.03.12-10.59.12:615][  0]LogAudio: Display: Using built-in audio occlusion.
[2023.03.12-10.59.12:615][  0]LogAudioMixer: Display: Initializing audio mixer.
[2023.03.12-10.59.12:640][  0]LogAudioMixer: Display: 0: FrontLeft
[2023.03.12-10.59.12:640][  0]LogAudioMixer: Display: 1: FrontRight
[2023.03.12-10.59.12:700][  0]LogAudioMixer: Display: Using Audio Device U27UD (NVIDIA High Definition Audio)
[2023.03.12-10.59.12:701][  0]LogAudioMixer: Display: Initializing Sound Submixes...
[2023.03.12-10.59.12:703][  0]LogAudioMixer: Display: Creating Master Submix 'MasterSubmixDefault'
[2023.03.12-10.59.12:703][  0]LogAudioMixer: Display: Creating Master Submix 'MasterReverbSubmixDefault'
[2023.03.12-10.59.12:704][  0]LogAudioMixer: Display: Creating Master Submix 'MasterEQSubmixDefault'
[2023.03.12-10.59.12:705][  0]LogInit: FAudioDevice initialized.
[2023.03.12-10.59.12:705][  0]LogNetVersion: Set ProjectVersion to 1.0.0.0. Version Checksum will be recalculated on next use.
[2023.03.12-10.59.12:776][  0]LogDerivedDataCache: Saved boot cache 0.07s 79MB C:/Users/Administrator/AppData/Local/UnrealEngine/4.25/DerivedDataCache/Boot.ddc.
[2023.03.12-10.59.12:777][  0]LogInit: Texture streaming: Enabled
[2023.03.12-10.59.12:793][  0]LogEngineSessionManager: EngineSessionManager initialized
[2023.03.12-10.59.12:793][  0]LogEditorSessionSummary: Verbose: Initializing EditorSessionSummaryWriter for editor session tracking
[2023.03.12-10.59.12:796][  0]LogEditorSessionSummary: EditorSessionSummaryWriter initialized
[2023.03.12-10.59.12:830][  0]LogInit: Transaction tracking system initialized
[2023.03.12-10.59.12:859][  0]BlueprintLog: New page: Editor Load
[2023.03.12-10.59.13:016][  0]LocalizationService: Localization service is disabled
[2023.03.12-10.59.13:195][  0]LogCook: Display: Max memory allowance for cook 16384mb min free memory 0mb
[2023.03.12-10.59.13:195][  0]LogCook: Display: Mobile HDR setting 1
[2023.03.12-10.59.13:341][  0]LogFileCache: Scanning file cache for directory 'F:/ue4_project/UnrealEngineMinecraft/Minecraft/Content/' took 0.00s
[2023.03.12-10.59.13:522][  0]SourceControl: Source control is disabled
[2023.03.12-10.59.13:522][  0]LogUnrealEdMisc: Loading editor; pre map load, took 7.095
[2023.03.12-10.59.13:522][  0]Cmd: MAP LOAD FILE="../../../../ue4_project/UnrealEngineMinecraft/Minecraft/Content/FirstPersonCPP/Maps/FirstPersonExampleMap.umap" TEMPLATE=0 SHOWPROGRESS=1 FEATURELEVEL=3
[2023.03.12-10.59.13:522][  0]LightingResults: New page: Lighting Build
[2023.03.12-10.59.13:523][  0]LogWorld: UWorld::CleanupWorld for Untitled, bSessionEnded=true, bCleanupResources=true
[2023.03.12-10.59.13:523][  0]LogSlate: InvalidateAllWidgets triggered.  All widgets were invalidated
[2023.03.12-10.59.13:523][  0]MapCheck: New page: Map Check
[2023.03.12-10.59.13:523][  0]LightingResults: New page: Lighting Build
[2023.03.12-10.59.13:536][  0]LogAISub: UAISubsystem::~UAISubsystem EnvQueryManager (000001EA05C3FC00), frame # 0
[2023.03.12-10.59.13:536][  0]LogAISub: UAISubsystem::~UAISubsystem AIPerceptionSystem (000001EA04CA5440), frame # 0
[2023.03.12-10.59.13:537][  0]LogUObjectHash: Compacting FUObjectHashTables data took   0.63ms
[2023.03.12-10.59.13:547][  0]LogAIModule: Creating AISystem for world FirstPersonExampleMap
[2023.03.12-10.59.13:547][  0]LogAISub: UAISubsystem::UAISubsystem EnvQueryManager (000001EA0569BE00), frame # 0
[2023.03.12-10.59.13:547][  0]LogAISub: UAISubsystem::UAISubsystem AIPerceptionSystem (000001EA02C90180), frame # 0
[2023.03.12-10.59.13:564][  0]LogEditorServer: Finished looking for orphan Actors (0.000 secs)
[2023.03.12-10.59.13:572][  0]LogUObjectHash: Compacting FUObjectHashTables data took   0.48ms
[2023.03.12-10.59.13:573][  0]Cmd: MAP CHECKDEP NOCLEARLOG
[2023.03.12-10.59.13:573][  0]MapCheck: Map check complete: 0 Error(s), 0 Warning(s), took 0.104ms to complete.
[2023.03.12-10.59.13:573][  0]LogFileHelpers: Loading map 'FirstPersonExampleMap' took 0.051
[2023.03.12-10.59.13:575][  0]LogUnrealEdMisc: Total Editor Startup Time, took 7.148
[2023.03.12-10.59.13:664][  0]LogWindowsTextInputMethodSystem: Display: IME system now activated using TSF (微软拼音).
[2023.03.12-10.59.13:726][  0]LogSlate: Updating window title bar state: overlay mode, drag disabled, window buttons hidden, title bar hidden
[2023.03.12-10.59.13:732][  0]LogSlate: Updating window title bar state: overlay mode, drag disabled, window buttons hidden, title bar hidden
[2023.03.12-10.59.13:738][  0]LogSlate: Updating window title bar state: overlay mode, drag disabled, window buttons hidden, title bar hidden
[2023.03.12-10.59.13:744][  0]LogSlate: Updating window title bar state: overlay mode, drag disabled, window buttons hidden, title bar hidden
[2023.03.12-10.59.13:752][  0]LogCollectionManager: Loaded 0 collections in 0.001327 seconds
[2023.03.12-10.59.13:765][  0]LogFileCache: Scanning file cache for directory 'F:/ue4_project/UnrealEngineMinecraft/Minecraft/Saved/Collections/' took 0.00s
[2023.03.12-10.59.13:765][  0]LogFileCache: Scanning file cache for directory 'F:/ue4_project/UnrealEngineMinecraft/Minecraft/Content/Developers/Administrator/Collections/' took 0.00s
[2023.03.12-10.59.13:765][  0]LogFileCache: Scanning file cache for directory 'F:/ue4_project/UnrealEngineMinecraft/Minecraft/Content/Collections/' took 0.00s
[2023.03.12-10.59.13:765][  0]LogContentBrowser: Native class hierarchy populated in 0.0081 seconds. Added 3435 classes and 824 folders.
[2023.03.12-10.59.13:767][  0]LogContentBrowser: Native class hierarchy updated for 'WidgetCarousel' in 0.0004 seconds. Added 0 classes and 0 folders.
[2023.03.12-10.59.13:808][  0]LogContentBrowser: Native class hierarchy updated for 'AddContentDialog' in 0.0004 seconds. Added 0 classes and 0 folders.
[2023.03.12-10.59.13:811][  0]LogContentBrowser: Native class hierarchy updated for 'SceneOutliner' in 0.0004 seconds. Added 2 classes and 0 folders.
[2023.03.12-10.59.13:858][  0]LogSlate: Took 0.000147 seconds to synchronously load lazily loaded font '../../../Engine/Content/Slate/Fonts/Roboto-Regular.ttf' (155K)
[2023.03.12-10.59.13:860][  0]LogSlate: Took 0.000091 seconds to synchronously load lazily loaded font '../../../Engine/Content/Slate/Fonts/Roboto-Bold.ttf' (160K)
[2023.03.12-10.59.13:864][  0]LogSlate: Took 0.000130 seconds to synchronously load lazily loaded font '../../../Engine/Content/Editor/Slate/Fonts/FontAwesome.ttf' (139K)
[2023.03.12-10.59.13:864][  0]LogSlate: Took 0.000078 seconds to synchronously load lazily loaded font '../../../Engine/Content/Slate/Fonts/DroidSansMono.ttf' (77K)
[2023.03.12-10.59.13:899][  0]LogSlate: Took 0.000952 seconds to synchronously load lazily loaded font '../../../Engine/Content/Slate/Fonts/DroidSansFallback.ttf' (3848K)
[2023.03.12-10.59.13:939][  0]LogRenderer: Reallocating scene render targets to support 1460x808 Format 10 NumSamples 1 (Frame:1).
[2023.03.12-10.59.14:010][  0]LogContentBrowser: Native class hierarchy updated for 'HierarchicalLODOutliner' in 0.0004 seconds. Added 0 classes and 0 folders.
[2023.03.12-10.59.14:011][  0]LogLoad: (Engine Initialization) Total time: 7.58 seconds
[2023.03.12-10.59.14:011][  0]LogLoad: (Engine Initialization) Total Blueprint compile time: 0.00 seconds
[2023.03.12-10.59.14:054][  0]LogAssetRegistry: Asset discovery search completed in 3.6149 seconds
[2023.03.12-10.59.14:057][  0]LogCollectionManager: Fixed up redirectors for 0 collections in 0.000005 seconds (updated 0 objects)
[2023.03.12-10.59.14:060][  0]LogContentStreaming: Texture pool size now 1000 MB
[2023.03.12-10.59.20:423][723]LogTemp: Repeating last play command: Selected Viewport
[2023.03.12-10.59.20:432][723]LogPlayLevel: PlayLevel: No blueprints needed recompiling
[2023.03.12-10.59.20:432][723]PIE: New page: PIE session: FirstPersonExampleMap (2023年3月13日 上午2:59:20)
[2023.03.12-10.59.20:433][723]LogOnline: OSS: Creating online subsystem instance for: NULL
[2023.03.12-10.59.20:434][723]LogOnline: OSS: TryLoadSubsystemAndSetDefault: Loaded subsystem for module [NULL]
[2023.03.12-10.59.20:434][723]LogPlayLevel: Creating play world package: /Game/FirstPersonCPP/Maps/UEDPIE_0_FirstPersonExampleMap
[2023.03.12-10.59.20:442][723]LogPlayLevel: PIE: StaticDuplicateObject took: (0.007695s)
[2023.03.12-10.59.20:443][723]LogAIModule: Creating AISystem for world FirstPersonExampleMap
[2023.03.12-10.59.20:443][723]LogAISub: UAISubsystem::UAISubsystem EnvQueryManager (000001EA17A68400), frame # 723
[2023.03.12-10.59.20:443][723]LogAISub: UAISubsystem::UAISubsystem AIPerceptionSystem (000001EA17A4BB00), frame # 723
[2023.03.12-10.59.20:443][723]LogPlayLevel: PIE: World Init took: (0.001021s)
[2023.03.12-10.59.20:443][723]LogPlayLevel: PIE: Created PIE world by copying editor world from /Game/FirstPersonCPP/Maps/FirstPersonExampleMap.FirstPersonExampleMap to /Game/FirstPersonCPP/Maps/UEDPIE_0_FirstPersonExampleMap.FirstPersonExampleMap (0.008898s)
[2023.03.12-10.59.20:452][723]LogUObjectHash: Compacting FUObjectHashTables data took   0.51ms
[2023.03.12-10.59.20:452][723]LogAudioMixer: Display: Audio Mixer Platform Settings:
[2023.03.12-10.59.20:453][723]LogAudioMixer: Display: 	Sample Rate:						  48000
[2023.03.12-10.59.20:453][723]LogAudioMixer: Display: 	Callback Buffer Frame Size Requested: 1024
[2023.03.12-10.59.20:453][723]LogAudioMixer: Display: 	Callback Buffer Frame Size To Use:	  1024
[2023.03.12-10.59.20:453][723]LogAudioMixer: Display: 	Number of buffers to queue:			  2
[2023.03.12-10.59.20:453][723]LogAudioMixer: Display: 	Max Channels (voices):				  32
[2023.03.12-10.59.20:453][723]LogAudioMixer: Display: 	Number of Async Source Workers:		  0
[2023.03.12-10.59.20:453][723]LogAudio: Display: AudioDevice MaxSources: 32
[2023.03.12-10.59.20:453][723]LogAudio: Display: Using built-in audio occlusion.
[2023.03.12-10.59.20:453][723]LogAudioMixer: Display: Initializing audio mixer.
[2023.03.12-10.59.20:458][723]LogAudioMixer: Display: 0: FrontLeft
[2023.03.12-10.59.20:458][723]LogAudioMixer: Display: 1: FrontRight
[2023.03.12-10.59.20:475][723]LogAudioMixer: Display: Using Audio Device U27UD (NVIDIA High Definition Audio)
[2023.03.12-10.59.20:476][723]LogAudioMixer: Display: Initializing Sound Submixes...
[2023.03.12-10.59.20:476][723]LogAudioMixer: Display: Creating Master Submix 'MasterSubmixDefault'
[2023.03.12-10.59.20:476][723]LogAudioMixer: Display: Creating Master Submix 'MasterReverbSubmixDefault'
[2023.03.12-10.59.20:476][723]LogAudioMixer: Display: Creating Master Submix 'MasterEQSubmixDefault'
[2023.03.12-10.59.20:486][723]LogInit: FAudioDevice initialized.
[2023.03.12-10.59.20:496][723]LogLoad: Game class is 'NewGameMode'
[2023.03.12-10.59.20:498][723]LogWorld: Bringing World /Game/FirstPersonCPP/Maps/UEDPIE_0_FirstPersonExampleMap.FirstPersonExampleMap up for play (max tick rate 0) at 2023.03.12-18.59.20
[2023.03.12-10.59.20:498][723]LogWorld: Bringing up level for play took: 0.000931
[2023.03.12-10.59.20:498][723]LogOnline: OSS: Creating online subsystem instance for: :Context_1
[2023.03.12-10.59.20:500][723]LogContentBrowser: Native class hierarchy updated for 'MovieSceneCapture' in 0.0005 seconds. Added 20 classes and 0 folders.
[2023.03.12-10.59.20:501][723]LogBlueprintUserMessages: [NewPlayerController_0] GamePlayerUse
[2023.03.12-10.59.20:501][723]LogTemp: stone: load Material success
[2023.03.12-10.59.20:501][723]LogTemp: grass: load Material success
[2023.03.12-10.59.20:501][723]LogTemp: dirt: load Material success
[2023.03.12-10.59.20:501][723]LogActor: Warning: BlockActor /Game/FirstPersonCPP/Maps/UEDPIE_0_FirstPersonExampleMap.FirstPersonExampleMap:PersistentLevel.BlockActor_0 has natively added scene component(s), but none of them were set as the actor's RootComponent - picking one arbitrarily
[2023.03.12-10.59.20:502][723]LogClass: GenerateTerrian : 0 ms
[2023.03.12-10.59.20:503][723]LogClass: GenerateTerrian : 0 ms
[2023.03.12-10.59.20:504][723]LogClass: GenerateTerrian : 0 ms
[2023.03.12-10.59.20:505][723]LogClass: GenerateTerrian : 0 ms
[2023.03.12-10.59.20:506][723]LogClass: GenerateTerrian : 0 ms
[2023.03.12-10.59.20:507][723]LogClass: GenerateTerrian : 0 ms
[2023.03.12-10.59.20:508][723]LogClass: GenerateTerrian : 0 ms
[2023.03.12-10.59.20:508][723]LogClass: GenerateTerrian : 0 ms
[2023.03.12-10.59.20:509][723]LogClass: GenerateTerrian : 0 ms
[2023.03.12-10.59.20:510][723]LogClass: GenerateTerrian : 0 ms
[2023.03.12-10.59.20:511][723]LogClass: GenerateTerrian : 0 ms
[2023.03.12-10.59.20:512][723]LogClass: GenerateTerrian : 0 ms
[2023.03.12-10.59.20:513][723]LogClass: GenerateTerrian : 0 ms
[2023.03.12-10.59.20:514][723]LogClass: GenerateTerrian : 0 ms
[2023.03.12-10.59.20:515][723]LogClass: GenerateTerrian : 0 ms
[2023.03.12-10.59.20:516][723]LogClass: GenerateTerrian : 0 ms
[2023.03.12-10.59.20:517][723]LogClass: GenerateTerrian : 0 ms
[2023.03.12-10.59.20:518][723]LogClass: GenerateTerrian : 0 ms
[2023.03.12-10.59.20:519][723]LogClass: GenerateTerrian : 0 ms
[2023.03.12-10.59.20:520][723]LogClass: GenerateTerrian : 0 ms
[2023.03.12-10.59.20:521][723]LogClass: GenerateTerrian : 0 ms
[2023.03.12-10.59.20:522][723]LogClass: GenerateTerrian : 0 ms
[2023.03.12-10.59.20:523][723]LogClass: GenerateTerrian : 0 ms
[2023.03.12-10.59.20:524][723]LogClass: GenerateTerrian : 0 ms
[2023.03.12-10.59.20:524][723]LogClass: GenerateTerrian : 0 ms
[2023.03.12-10.59.20:525][723]LogClass: GenerateTerrian : 0 ms
[2023.03.12-10.59.20:526][723]LogClass: GenerateTerrian : 0 ms
[2023.03.12-10.59.20:527][723]LogClass: GenerateTerrian : 0 ms
[2023.03.12-10.59.20:528][723]LogClass: GenerateTerrian : 0 ms
[2023.03.12-10.59.20:529][723]LogClass: GenerateTerrian : 0 ms
[2023.03.12-10.59.20:530][723]LogClass: GenerateTerrian : 0 ms
[2023.03.12-10.59.20:531][723]LogClass: GenerateTerrian : 0 ms
[2023.03.12-10.59.20:532][723]LogClass: GenerateTerrian : 0 ms
[2023.03.12-10.59.20:533][723]LogClass: GenerateTerrian : 0 ms
[2023.03.12-10.59.20:534][723]LogClass: GenerateTerrian : 0 ms
[2023.03.12-10.59.20:535][723]LogClass: GenerateTerrian : 0 ms
[2023.03.12-10.59.20:536][723]LogClass: GenerateTerrian : 0 ms
[2023.03.12-10.59.20:536][723]LogClass: GenerateTerrian : 0 ms
[2023.03.12-10.59.20:537][723]LogClass: GenerateTerrian : 0 ms
[2023.03.12-10.59.20:538][723]LogClass: GenerateTerrian : 0 ms
[2023.03.12-10.59.20:539][723]LogClass: GenerateTerrian : 0 ms
[2023.03.12-10.59.20:540][723]LogClass: GenerateTerrian : 0 ms
[2023.03.12-10.59.20:541][723]LogClass: GenerateTerrian : 0 ms
[2023.03.12-10.59.20:542][723]LogClass: GenerateTerrian : 0 ms
[2023.03.12-10.59.20:543][723]LogClass: GenerateTerrian : 0 ms
[2023.03.12-10.59.20:544][723]LogClass: GenerateTerrian : 0 ms
[2023.03.12-10.59.20:545][723]LogClass: GenerateTerrian : 0 ms
[2023.03.12-10.59.20:546][723]LogClass: GenerateTerrian : 0 ms
[2023.03.12-10.59.20:546][723]LogClass: GenerateTerrian : 0 ms
[2023.03.12-10.59.20:547][723]LogClass: GenerateTerrian : 0 ms
[2023.03.12-10.59.20:548][723]LogClass: GenerateTerrian : 0 ms
[2023.03.12-10.59.20:549][723]LogClass: GenerateTerrian : 0 ms
[2023.03.12-10.59.20:550][723]LogClass: GenerateTerrian : 0 ms
[2023.03.12-10.59.20:551][723]LogClass: GenerateTerrian : 0 ms
[2023.03.12-10.59.20:552][723]LogClass: GenerateTerrian : 0 ms
[2023.03.12-10.59.20:553][723]LogClass: GenerateTerrian : 0 ms
[2023.03.12-10.59.20:554][723]LogClass: GenerateTerrian : 0 ms
[2023.03.12-10.59.20:555][723]LogClass: GenerateTerrian : 0 ms
[2023.03.12-10.59.20:556][723]LogClass: GenerateTerrian : 0 ms
[2023.03.12-10.59.20:556][723]LogClass: GenerateTerrian : 0 ms
[2023.03.12-10.59.20:557][723]LogClass: GenerateTerrian : 0 ms
[2023.03.12-10.59.20:558][723]LogClass: GenerateTerrian : 0 ms
[2023.03.12-10.59.20:559][723]LogClass: GenerateTerrian : 0 ms
[2023.03.12-10.59.20:560][723]LogClass: GenerateTerrian : 0 ms
[2023.03.12-10.59.20:561][723]LogClass: GenerateTerrian : 0 ms
[2023.03.12-10.59.20:562][723]LogClass: GenerateTerrian : 0 ms
[2023.03.12-10.59.20:563][723]LogClass: GenerateTerrian : 0 ms
[2023.03.12-10.59.20:564][723]LogClass: GenerateTerrian : 0 ms
[2023.03.12-10.59.20:565][723]LogClass: GenerateTerrian : 0 ms
[2023.03.12-10.59.20:566][723]LogClass: GenerateTerrian : 0 ms
[2023.03.12-10.59.20:566][723]LogClass: GenerateTerrian : 0 ms
[2023.03.12-10.59.20:567][723]LogClass: GenerateTerrian : 0 ms
[2023.03.12-10.59.20:568][723]LogClass: GenerateTerrian : 0 ms
[2023.03.12-10.59.20:569][723]LogClass: GenerateTerrian : 0 ms
[2023.03.12-10.59.20:570][723]LogClass: GenerateTerrian : 0 ms
[2023.03.12-10.59.20:571][723]LogClass: GenerateTerrian : 0 ms
[2023.03.12-10.59.20:572][723]LogClass: GenerateTerrian : 0 ms
[2023.03.12-10.59.20:573][723]LogClass: GenerateTerrian : 0 ms
[2023.03.12-10.59.20:574][723]LogClass: GenerateTerrian : 0 ms
[2023.03.12-10.59.20:575][723]LogClass: GenerateTerrian : 0 ms
[2023.03.12-10.59.20:576][723]LogClass: GenerateTerrian : 0 ms
[2023.03.12-10.59.20:576][723]LogClass: RenderAllBlocks : 0 ms
[2023.03.12-10.59.20:576][723]LogClass: RenderAllBlocks : 0 ms
[2023.03.12-10.59.20:576][723]LogClass: RenderAllBlocks : 0 ms
[2023.03.12-10.59.20:576][723]LogClass: RenderAllBlocks : 0 ms
[2023.03.12-10.59.20:577][723]LogClass: RenderAllBlocks : 0 ms
[2023.03.12-10.59.20:577][723]LogClass: RenderAllBlocks : 0 ms
[2023.03.12-10.59.20:577][723]LogClass: RenderAllBlocks : 0 ms
[2023.03.12-10.59.20:577][723]LogClass: RenderAllBlocks : 0 ms
[2023.03.12-10.59.20:577][723]LogClass: RenderAllBlocks : 0 ms
[2023.03.12-10.59.20:577][723]LogClass: RenderAllBlocks : 0 ms
[2023.03.12-10.59.20:577][723]LogClass: RenderAllBlocks : 0 ms
[2023.03.12-10.59.20:578][723]LogClass: RenderAllBlocks : 0 ms
[2023.03.12-10.59.20:578][723]LogClass: RenderAllBlocks : 0 ms
[2023.03.12-10.59.20:578][723]LogClass: RenderAllBlocks : 0 ms
[2023.03.12-10.59.20:578][723]LogClass: RenderAllBlocks : 0 ms
[2023.03.12-10.59.20:578][723]LogClass: RenderAllBlocks : 0 ms
[2023.03.12-10.59.20:578][723]LogClass: RenderAllBlocks : 0 ms
[2023.03.12-10.59.20:578][723]LogClass: RenderAllBlocks : 0 ms
[2023.03.12-10.59.20:578][723]LogClass: RenderAllBlocks : 0 ms
[2023.03.12-10.59.20:579][723]LogClass: RenderAllBlocks : 0 ms
[2023.03.12-10.59.20:579][723]LogClass: RenderAllBlocks : 0 ms
[2023.03.12-10.59.20:579][723]LogClass: RenderAllBlocks : 0 ms
[2023.03.12-10.59.20:579][723]LogClass: RenderAllBlocks : 0 ms
[2023.03.12-10.59.20:579][723]LogClass: RenderAllBlocks : 0 ms
[2023.03.12-10.59.20:580][723]LogClass: RenderAllBlocks : 0 ms
[2023.03.12-10.59.20:580][723]LogClass: RenderAllBlocks : 0 ms
[2023.03.12-10.59.20:580][723]LogClass: RenderAllBlocks : 0 ms
[2023.03.12-10.59.20:580][723]LogClass: RenderAllBlocks : 0 ms
[2023.03.12-10.59.20:580][723]LogClass: RenderAllBlocks : 0 ms
[2023.03.12-10.59.20:580][723]LogClass: RenderAllBlocks : 0 ms
[2023.03.12-10.59.20:580][723]LogClass: RenderAllBlocks : 0 ms
[2023.03.12-10.59.20:580][723]LogClass: RenderAllBlocks : 0 ms
[2023.03.12-10.59.20:581][723]LogClass: RenderAllBlocks : 0 ms
[2023.03.12-10.59.20:581][723]LogClass: RenderAllBlocks : 0 ms
[2023.03.12-10.59.20:581][723]LogClass: RenderAllBlocks : 0 ms
[2023.03.12-10.59.20:581][723]LogClass: RenderAllBlocks : 0 ms
[2023.03.12-10.59.20:581][723]LogClass: RenderAllBlocks : 0 ms
[2023.03.12-10.59.20:581][723]LogClass: RenderAllBlocks : 0 ms
[2023.03.12-10.59.20:581][723]LogClass: RenderAllBlocks : 0 ms
[2023.03.12-10.59.20:581][723]LogClass: RenderAllBlocks : 0 ms
[2023.03.12-10.59.20:582][723]LogClass: RenderAllBlocks : 0 ms
[2023.03.12-10.59.20:582][723]LogClass: RenderAllBlocks : 0 ms
[2023.03.12-10.59.20:582][723]LogClass: RenderAllBlocks : 0 ms
[2023.03.12-10.59.20:582][723]LogClass: RenderAllBlocks : 0 ms
[2023.03.12-10.59.20:582][723]LogClass: RenderAllBlocks : 0 ms
[2023.03.12-10.59.20:582][723]LogClass: RenderAllBlocks : 0 ms
[2023.03.12-10.59.20:582][723]LogClass: RenderAllBlocks : 0 ms
[2023.03.12-10.59.20:582][723]LogClass: RenderAllBlocks : 0 ms
[2023.03.12-10.59.20:583][723]LogClass: RenderAllBlocks : 0 ms
[2023.03.12-10.59.20:583][723]LogClass: RenderAllBlocks : 0 ms
[2023.03.12-10.59.20:583][723]LogClass: RenderAllBlocks : 0 ms
[2023.03.12-10.59.20:583][723]LogClass: RenderAllBlocks : 0 ms
[2023.03.12-10.59.20:583][723]LogClass: RenderAllBlocks : 0 ms
[2023.03.12-10.59.20:583][723]LogClass: RenderAllBlocks : 0 ms
[2023.03.12-10.59.20:583][723]LogClass: RenderAllBlocks : 0 ms
[2023.03.12-10.59.20:583][723]LogClass: RenderAllBlocks : 0 ms
[2023.03.12-10.59.20:583][723]LogClass: RenderAllBlocks : 0 ms
[2023.03.12-10.59.20:584][723]LogClass: RenderAllBlocks : 0 ms
[2023.03.12-10.59.20:584][723]LogClass: RenderAllBlocks : 0 ms
[2023.03.12-10.59.20:584][723]LogClass: RenderAllBlocks : 0 ms
[2023.03.12-10.59.20:584][723]LogClass: RenderAllBlocks : 0 ms
[2023.03.12-10.59.20:584][723]LogClass: RenderAllBlocks : 0 ms
[2023.03.12-10.59.20:584][723]LogClass: RenderAllBlocks : 0 ms
[2023.03.12-10.59.20:584][723]LogClass: RenderAllBlocks : 0 ms
[2023.03.12-10.59.20:584][723]LogClass: RenderAllBlocks : 0 ms
[2023.03.12-10.59.20:585][723]LogClass: RenderAllBlocks : 0 ms
[2023.03.12-10.59.20:585][723]LogClass: RenderAllBlocks : 0 ms
[2023.03.12-10.59.20:585][723]LogClass: RenderAllBlocks : 0 ms
[2023.03.12-10.59.20:585][723]LogClass: RenderAllBlocks : 0 ms
[2023.03.12-10.59.20:585][723]LogClass: RenderAllBlocks : 0 ms
[2023.03.12-10.59.20:585][723]LogClass: RenderAllBlocks : 0 ms
[2023.03.12-10.59.20:585][723]LogClass: RenderAllBlocks : 0 ms
[2023.03.12-10.59.20:585][723]LogClass: RenderAllBlocks : 0 ms
[2023.03.12-10.59.20:585][723]LogClass: RenderAllBlocks : 0 ms
[2023.03.12-10.59.20:586][723]LogClass: RenderAllBlocks : 0 ms
[2023.03.12-10.59.20:586][723]LogClass: RenderAllBlocks : 0 ms
[2023.03.12-10.59.20:586][723]LogClass: RenderAllBlocks : 0 ms
[2023.03.12-10.59.20:586][723]LogClass: RenderAllBlocks : 0 ms
[2023.03.12-10.59.20:586][723]LogClass: RenderAllBlocks : 0 ms
[2023.03.12-10.59.20:586][723]LogClass: RenderAllBlocks : 0 ms
[2023.03.12-10.59.20:586][723]LogClass: RenderAllBlocks : 0 ms
[2023.03.12-10.59.20:587][723]PIE: Server logged in
[2023.03.12-10.59.20:589][723]PIE: Play in editor total start time 0.158 seconds.
[2023.03.12-10.59.30:433][475]LogClass: GenerateTerrian : 0 ms
[2023.03.12-10.59.30:434][475]LogClass: RenderAllBlocks : 0 ms
[2023.03.12-10.59.30:435][475]LogClass: GenerateTerrian : 0 ms
[2023.03.12-10.59.30:435][475]LogClass: RenderAllBlocks : 0 ms
[2023.03.12-10.59.30:436][475]LogClass: GenerateTerrian : 0 ms
[2023.03.12-10.59.30:436][475]LogClass: RenderAllBlocks : 0 ms
[2023.03.12-10.59.30:437][475]LogClass: GenerateTerrian : 0 ms
[2023.03.12-10.59.30:437][475]LogClass: RenderAllBlocks : 0 ms
[2023.03.12-10.59.30:438][475]LogClass: GenerateTerrian : 0 ms
[2023.03.12-10.59.30:438][475]LogClass: RenderAllBlocks : 0 ms
[2023.03.12-10.59.30:439][475]LogClass: GenerateTerrian : 0 ms
[2023.03.12-10.59.30:439][475]LogClass: RenderAllBlocks : 0 ms
[2023.03.12-10.59.30:440][475]LogClass: GenerateTerrian : 0 ms
[2023.03.12-10.59.30:440][475]LogClass: RenderAllBlocks : 0 ms
[2023.03.12-10.59.30:441][475]LogClass: GenerateTerrian : 0 ms
[2023.03.12-10.59.30:441][475]LogClass: RenderAllBlocks : 0 ms
[2023.03.12-10.59.30:442][475]LogClass: GenerateTerrian : 0 ms
[2023.03.12-10.59.30:442][475]LogClass: RenderAllBlocks : 0 ms
[2023.03.12-10.59.30:443][475]LogClass: GenerateTerrian : 0 ms
[2023.03.12-10.59.30:443][475]LogClass: RenderAllBlocks : 0 ms
[2023.03.12-10.59.30:444][475]LogClass: GenerateTerrian : 0 ms
[2023.03.12-10.59.30:444][475]LogClass: RenderAllBlocks : 0 ms
[2023.03.12-10.59.34:718][864]LogClass: GenerateTerrian : 0 ms
[2023.03.12-10.59.34:718][864]LogClass: RenderAllBlocks : 0 ms
[2023.03.12-10.59.34:719][864]LogClass: GenerateTerrian : 0 ms
[2023.03.12-10.59.34:719][864]LogClass: RenderAllBlocks : 0 ms
[2023.03.12-10.59.34:720][864]LogClass: GenerateTerrian : 0 ms
[2023.03.12-10.59.34:720][864]LogClass: RenderAllBlocks : 0 ms
[2023.03.12-10.59.34:721][864]LogClass: GenerateTerrian : 0 ms
[2023.03.12-10.59.34:721][864]LogClass: RenderAllBlocks : 0 ms
[2023.03.12-10.59.34:722][864]LogClass: GenerateTerrian : 0 ms
[2023.03.12-10.59.34:722][864]LogClass: RenderAllBlocks : 0 ms
[2023.03.12-10.59.34:723][864]LogClass: GenerateTerrian : 0 ms
[2023.03.12-10.59.34:724][864]LogClass: RenderAllBlocks : 0 ms
[2023.03.12-10.59.34:724][864]LogClass: GenerateTerrian : 0 ms
[2023.03.12-10.59.34:725][864]LogClass: RenderAllBlocks : 0 ms
[2023.03.12-10.59.34:725][864]LogClass: GenerateTerrian : 0 ms
[2023.03.12-10.59.34:726][864]LogClass: RenderAllBlocks : 0 ms
[2023.03.12-10.59.34:726][864]LogClass: GenerateTerrian : 0 ms
[2023.03.12-10.59.34:727][864]LogClass: RenderAllBlocks : 0 ms
[2023.03.12-10.59.34:727][864]LogClass: GenerateTerrian : 0 ms
[2023.03.12-10.59.34:728][864]LogClass: RenderAllBlocks : 0 ms
[2023.03.12-10.59.34:728][864]LogClass: GenerateTerrian : 0 ms
[2023.03.12-10.59.34:729][864]LogClass: RenderAllBlocks : 0 ms
[2023.03.12-10.59.38:328][159]LogClass: GenerateTerrian : 0 ms
[2023.03.12-10.59.38:329][159]LogClass: RenderAllBlocks : 0 ms
[2023.03.12-10.59.38:330][159]LogClass: GenerateTerrian : 0 ms
[2023.03.12-10.59.38:330][159]LogClass: RenderAllBlocks : 0 ms
[2023.03.12-10.59.38:331][159]LogClass: GenerateTerrian : 0 ms
[2023.03.12-10.59.38:331][159]LogClass: RenderAllBlocks : 0 ms
[2023.03.12-10.59.38:332][159]LogClass: GenerateTerrian : 0 ms
[2023.03.12-10.59.38:332][159]LogClass: RenderAllBlocks : 0 ms
[2023.03.12-10.59.38:333][159]LogClass: GenerateTerrian : 0 ms
[2023.03.12-10.59.38:333][159]LogClass: RenderAllBlocks : 0 ms
[2023.03.12-10.59.38:334][159]LogClass: GenerateTerrian : 0 ms
[2023.03.12-10.59.38:334][159]LogClass: RenderAllBlocks : 0 ms
[2023.03.12-10.59.38:335][159]LogClass: GenerateTerrian : 0 ms
[2023.03.12-10.59.38:335][159]LogClass: RenderAllBlocks : 0 ms
[2023.03.12-10.59.38:336][159]LogClass: GenerateTerrian : 0 ms
[2023.03.12-10.59.38:336][159]LogClass: RenderAllBlocks : 0 ms
[2023.03.12-10.59.38:337][159]LogClass: GenerateTerrian : 0 ms
[2023.03.12-10.59.38:337][159]LogClass: RenderAllBlocks : 0 ms
[2023.03.12-10.59.38:338][159]LogClass: GenerateTerrian : 0 ms
[2023.03.12-10.59.38:338][159]LogClass: RenderAllBlocks : 0 ms
[2023.03.12-10.59.38:339][159]LogClass: GenerateTerrian : 0 ms
[2023.03.12-10.59.38:339][159]LogClass: RenderAllBlocks : 0 ms
[2023.03.12-10.59.39:810][250]LogSlate: Updating window title bar state: overlay mode, drag disabled, window buttons hidden, title bar hidden
[2023.03.12-10.59.39:810][250]LogWorld: BeginTearingDown for /Game/FirstPersonCPP/Maps/UEDPIE_0_FirstPersonExampleMap
[2023.03.12-10.59.39:811][250]LogWorld: UWorld::CleanupWorld for FirstPersonExampleMap, bSessionEnded=true, bCleanupResources=true
[2023.03.12-10.59.40:501][250]LogSlate: InvalidateAllWidgets triggered.  All widgets were invalidated
[2023.03.12-10.59.40:513][250]LogPlayLevel: Display: Shutting down PIE online subsystems
[2023.03.12-10.59.40:514][250]LogSlate: InvalidateAllWidgets triggered.  All widgets were invalidated
[2023.03.12-10.59.40:535][250]LogSlate: Updating window title bar state: overlay mode, drag disabled, window buttons hidden, title bar hidden
[2023.03.12-10.59.40:543][250]LogAISub: UAISubsystem::~UAISubsystem EnvQueryManager (000001EA17A68400), frame # 2250
[2023.03.12-10.59.40:543][250]LogAISub: UAISubsystem::~UAISubsystem AIPerceptionSystem (000001EA17A4BB00), frame # 2250
[2023.03.12-10.59.40:544][250]LogUObjectHash: Compacting FUObjectHashTables data took   0.62ms
[2023.03.12-10.59.40:580][251]LogPlayLevel: Display: Destroying online subsystem :Context_1
[2023.03.12-11.09.24:609][991]LogSlate: Took 0.000170 seconds to synchronously load lazily loaded font '../../../Engine/Content/Slate/Fonts/Roboto-Light.ttf' (167K)
[2023.03.12-11.19.06:384][723]LogAudioMixer: Warning: Changing default audio render device to new device: {0.0.0.00000000}.{81482b7d-8a08-4a06-a585-9ba21613efa5}.
[2023.03.12-11.19.06:384][723]LogTemp: Resetting audio stream to device id 
[2023.03.12-11.19.06:401][723]LogAudioMixer: Display: 0: FrontLeft
[2023.03.12-11.19.06:402][723]LogAudioMixer: Display: 1: FrontRight
[2023.03.12-11.49.43:395][209]LogHttp: Warning: 000001EAB03C5D00: invalid HTTP response code received. URL: https://datarouter.ol.epicgames.com/datarouter/api/v1/public/data?SessionID=%7BB2A8B659-48D0-6A21-71F9-8D8F5B348F01%7D&AppID=UEEditor.Rocket.Release&AppVersion=4.25.4-14469661%2B%2B%2BUE4%2BRelease-4.25&UserID=6b224f6a43bd581420a80daf126a2ae3%7C08f787f95b944d598db1939b3e67356a%7C941cc07b-ffbe-4b96-a68a-15d2ffd73869&AppEnvironment=datacollector-source&UploadType=eteventstream, HTTP code: 0, content length: 0, actual payload size: 0
[2023.03.12-11.49.43:395][209]LogHttp: Warning: 000001EAB03C5D00: request failed, libcurl error: 56 (Failure when receiving data from the peer)
[2023.03.12-11.49.43:395][209]LogHttp: Warning: 000001EAB03C5D00: libcurl info message cache 0 (Found bundle for host datarouter.ol.epicgames.com: 0x1ea408e3f70 [can pipeline])
[2023.03.12-11.49.43:395][209]LogHttp: Warning: 000001EAB03C5D00: libcurl info message cache 1 (Re-using existing connection! (#19) with host datarouter.ol.epicgames.com)
[2023.03.12-11.49.43:395][209]LogHttp: Warning: 000001EAB03C5D00: libcurl info message cache 2 (Connected to datarouter.ol.epicgames.com (34.194.251.25) port 443 (#19))
[2023.03.12-11.49.43:395][209]LogHttp: Warning: 000001EAB03C5D00: libcurl info message cache 3 (We are completely uploaded and fine)
[2023.03.12-11.49.43:395][209]LogHttp: Warning: 000001EAB03C5D00: libcurl info message cache 4 (OpenSSL SSL_read: SSL_ERROR_SYSCALL, errno 10054)
[2023.03.12-11.49.43:395][209]LogHttp: Warning: 000001EAB03C5D00: libcurl info message cache 5 (Connection died, retrying a fresh connect)
[2023.03.12-11.49.43:395][209]LogHttp: Warning: 000001EAB03C5D00: libcurl info message cache 6 (necessary data rewind wasn't possible)
[2023.03.12-11.49.43:395][209]LogHttp: Warning: 000001EAB03C5D00: libcurl info message cache 7 (Closing connection 19)
[2023.03.12-11.49.43:730][210]LogHttp: Warning: Retry exhausted on https://datarouter.ol.epicgames.com/datarouter/api/v1/public/data?SessionID=%7BB2A8B659-48D0-6A21-71F9-8D8F5B348F01%7D&AppID=UEEditor.Rocket.Release&AppVersion=4.25.4-14469661%2B%2B%2BUE4%2BRelease-4.25&UserID=6b224f6a43bd581420a80daf126a2ae3%7C08f787f95b944d598db1939b3e67356a%7C941cc07b-ffbe-4b96-a68a-15d2ffd73869&AppEnvironment=datacollector-source&UploadType=eteventstream
[2023.03.12-11.57.46:237][650]LogAudioMixer: Warning: Changing default audio render device to new device: {0.0.0.00000000}.{e9ff87dc-2629-4905-a6c8-2f9b377427b2}.
[2023.03.12-11.57.46:237][650]LogTemp: Resetting audio stream to device id 
[2023.03.12-11.57.46:299][650]LogAudioMixer: Display: 0: FrontLeft
[2023.03.12-11.57.46:300][650]LogAudioMixer: Display: 1: FrontRight
[2023.03.12-11.58.41:481][815]LogAudioMixer: Warning: Changing default audio render device to new device: {0.0.0.00000000}.{81482b7d-8a08-4a06-a585-9ba21613efa5}.
[2023.03.12-11.58.41:481][815]LogTemp: Resetting audio stream to device id 
[2023.03.12-11.58.41:502][815]LogAudioMixer: Display: 0: FrontLeft
[2023.03.12-11.58.41:502][815]LogAudioMixer: Display: 1: FrontRight
[2023.03.12-11.59.25:436][946]LogAudioMixer: Warning: Changing default audio render device to new device: {0.0.0.00000000}.{e9ff87dc-2629-4905-a6c8-2f9b377427b2}.
[2023.03.12-11.59.25:436][946]LogTemp: Resetting audio stream to device id 
[2023.03.12-11.59.25:455][946]LogAudioMixer: Display: 0: FrontLeft
[2023.03.12-11.59.25:455][946]LogAudioMixer: Display: 1: FrontRight
