Log file open, 03/09/23 19:41:10
LogInit: Display: Running engine for game: Minecraft
LogPlatformFile: Not using cached read wrapper
LogTaskGraph: Started task graph with 5 named threads and 35 total threads with 3 sets of task threads.
LogStats: Stats thread started at 0.271604
LogD3D11RHI: Loaded GFSDK_Aftermath_Lib.x64.dll
LogICUInternationalization: ICU TimeZone Detection - Raw Offset: +8:00, Platform Override: ''
LogPluginManager: Mounting plugin Paper2D
LogPluginManager: Mounting plugin AISupport
LogPluginManager: Mounting plugin LightPropagationVolume
LogPluginManager: Mounting plugin CameraShakePreviewer
LogPluginManager: Mounting plugin ActorLayerUtilities
LogPluginManager: Mounting plugin AnimationSharing
LogPluginManager: Mounting plugin CLionSourceCodeAccess
LogPluginManager: Mounting plugin CodeLiteSourceCodeAccess
LogPluginManager: Mounting plugin GitSourceControl
LogPluginManager: Mounting plugin KDevelopSourceCodeAccess
LogPluginManager: Mounting plugin NullSourceCodeAccess
LogPluginManager: Mounting plugin PerforceSourceControl
LogPluginManager: Mounting plugin PlasticSourceControl
LogPluginManager: Mounting plugin RiderLink
LogPluginManager: Mounting plugin RiderSourceCodeAccess
LogPluginManager: Mounting plugin SubversionSourceControl
LogPluginManager: Mounting plugin UObjectPlugin
LogPluginManager: Mounting plugin VisualStudioCodeSourceCodeAccess
LogPluginManager: Mounting plugin VisualStudioSourceCodeAccess
LogPluginManager: Mounting plugin XCodeSourceCodeAccess
LogPluginManager: Mounting plugin AssetManagerEditor
LogPluginManager: Mounting plugin CryptoKeys
LogPluginManager: Mounting plugin CurveEditorTools
LogPluginManager: Mounting plugin DataValidation
LogPluginManager: Mounting plugin EditorScriptingUtilities
LogPluginManager: Mounting plugin FacialAnimation
LogPluginManager: Mounting plugin GameplayTagsEditor
LogPluginManager: Mounting plugin GeometryMode
LogPluginManager: Mounting plugin MacGraphicsSwitching
LogPluginManager: Mounting plugin MaterialAnalyzer
LogPluginManager: Mounting plugin MobileLauncherProfileWizard
LogPluginManager: Mounting plugin PluginBrowser
LogPluginManager: Mounting plugin SpeedTreeImporter
LogPluginManager: Mounting plugin DatasmithContent
LogPluginManager: Mounting plugin VariantManagerContent
LogPluginManager: Mounting plugin AlembicImporter
LogPluginManager: Mounting plugin AutomationUtils
LogPluginManager: Mounting plugin BackChannel
LogPluginManager: Mounting plugin ChaosCloth
LogPluginManager: Mounting plugin ChaosClothEditor
LogPluginManager: Mounting plugin ChaosEditor
LogPluginManager: Mounting plugin ChaosNiagara
LogPluginManager: Mounting plugin ChaosSolverPlugin
LogPluginManager: Mounting plugin CharacterAI
LogPluginManager: Mounting plugin GeometryCache
LogPluginManager: Mounting plugin GeometryCollectionPlugin
LogPluginManager: Mounting plugin GeometryProcessing
LogPluginManager: Mounting plugin PlanarCut
LogPluginManager: Mounting plugin PlatformCrypto
LogPluginManager: Mounting plugin ProxyLODPlugin
LogPluginManager: Mounting plugin SkeletalReduction
LogPluginManager: Mounting plugin Niagara
LogPluginManager: Mounting plugin MagicLeap
LogPluginManager: Mounting plugin MagicLeapLightEstimation
LogPluginManager: Mounting plugin MagicLeapMedia
LogPluginManager: Mounting plugin MagicLeapPassableWorld
LogPluginManager: Mounting plugin MLSDK
LogPluginManager: Mounting plugin AndroidMedia
LogPluginManager: Mounting plugin AvfMedia
LogPluginManager: Mounting plugin ImgMedia
LogPluginManager: Mounting plugin MediaCompositing
LogPluginManager: Mounting plugin MediaPlayerEditor
LogPluginManager: Mounting plugin WebMMedia
LogPluginManager: Mounting plugin WmfMedia
LogPluginManager: Mounting plugin MeshPainting
LogPluginManager: Mounting plugin TcpMessaging
LogPluginManager: Mounting plugin UdpMessaging
LogPluginManager: Mounting plugin ActorSequence
LogPluginManager: Mounting plugin LevelSequenceEditor
LogPluginManager: Mounting plugin MatineeToLevelSequence
LogPluginManager: Mounting plugin MovieRenderPipeline
LogPluginManager: Mounting plugin TemplateSequence
LogPluginManager: Mounting plugin NetcodeUnitTest
LogPluginManager: Mounting plugin NUTUnrealEngine4
LogPluginManager: Mounting plugin OnlineSubsystemGooglePlay
LogPluginManager: Mounting plugin OnlineSubsystemIOS
LogPluginManager: Mounting plugin OnlineSubsystem
LogPluginManager: Mounting plugin OnlineSubsystemNull
LogPluginManager: Mounting plugin OnlineSubsystemUtils
LogPluginManager: Mounting plugin LauncherChunkInstaller
LogPluginManager: Mounting plugin AndroidDeviceProfileSelector
LogPluginManager: Mounting plugin AndroidMoviePlayer
LogPluginManager: Mounting plugin AndroidPermission
LogPluginManager: Mounting plugin AppleImageUtils
LogPluginManager: Mounting plugin AppleMoviePlayer
LogPluginManager: Mounting plugin ArchVisCharacter
LogPluginManager: Mounting plugin AssetTags
LogPluginManager: Mounting plugin AudioCapture
LogPluginManager: Mounting plugin CableComponent
LogPluginManager: Mounting plugin CustomMeshComponent
LogPluginManager: Mounting plugin EditableMesh
LogPluginManager: Mounting plugin ExampleDeviceProfileSelector
LogPluginManager: Mounting plugin GoogleCloudMessaging
LogPluginManager: Mounting plugin GooglePAD
LogPluginManager: Mounting plugin IOSDeviceProfileSelector
LogPluginManager: Mounting plugin LinuxDeviceProfileSelector
LogPluginManager: Mounting plugin LocationServicesBPLibrary
LogPluginManager: Mounting plugin MobilePatchingUtils
LogPluginManager: Mounting plugin OculusVR
LogPluginManager: Mounting plugin PhysXVehicles
LogPluginManager: Mounting plugin PostSplashScreen
LogPluginManager: Mounting plugin ProceduralMeshComponent
LogPluginManager: Mounting plugin RuntimePhysXCooking
LogPluginManager: Mounting plugin SignificanceManager
LogPluginManager: Mounting plugin SoundFields
LogPluginManager: Mounting plugin SteamVR
LogPluginManager: Mounting plugin Synthesis
LogPluginManager: Mounting plugin WebMMoviePlayer
LogPluginManager: Mounting plugin WindowsMoviePlayer
LogPluginManager: Mounting plugin ScreenshotTools
LogInit: Using libcurl 7.55.1-DEV
LogInit:  - built for x86_64-pc-win32
LogInit:  - supports SSL with OpenSSL/1.1.1
LogInit:  - supports HTTP deflate (compression) using libz 1.2.8
LogInit:  - other features:
LogInit:      CURL_VERSION_SSL
LogInit:      CURL_VERSION_LIBZ
LogInit:      CURL_VERSION_IPV6
LogInit:      CURL_VERSION_ASYNCHDNS
LogInit:      CURL_VERSION_LARGEFILE
LogInit:      CURL_VERSION_IDN
LogInit:  CurlRequestOptions (configurable via config and command line):
LogInit:  - bVerifyPeer = true  - Libcurl will verify peer certificate
LogInit:  - bUseHttpProxy = false  - Libcurl will NOT use HTTP proxy
LogInit:  - bDontReuseConnections = false  - Libcurl will reuse connections
LogInit:  - MaxHostConnections = 16  - Libcurl will limit the number of connections to a host
LogInit:  - LocalHostAddr = Default
LogInit:  - BufferSize = 65536
LogOnline: OSS: Creating online subsystem instance for: NULL
LogInit: WinSock: version 1.1 (2.2), MaxSocks=32767, MaxUdp=65467
LogOnline: OSS: TryLoadSubsystemAndSetDefault: Loaded subsystem for module [NULL]
LogInit: Build: ++UE4+Release-4.25-CL-14469661
LogInit: Engine Version: 4.25.4-14469661+++UE4+Release-4.25
LogInit: Compatible Engine Version: 4.25.0-13144385+++UE4+Release-4.25
LogInit: Net CL: 13144385
LogInit: OS: Windows 10 (Release 2009) (), CPU: AMD Ryzen 5 5600G with Radeon Graphics         , GPU: NVIDIA GeForce RTX 3060 Ti
LogInit: Compiled (64-bit): Oct 11 2020 08:10:49
LogInit: Compiled with Visual C++: 19.24.28315.00
LogInit: Build Configuration: Development
LogInit: Branch Name: ++UE4+Release-4.25
LogInit: Command Line: 
LogInit: Base Directory: F:/UE_4.25/Engine/Binaries/Win64/
LogInit: Allocator: TBB
LogInit: Installed Engine Build: 1
LogDevObjectVersion: Number of dev versions registered: 26
LogDevObjectVersion:   Dev-Blueprints (B0D832E4-1F89-4F0D-ACCF-7EB736FD4AA2): 10
LogDevObjectVersion:   Dev-Build (E1C64328-A22C-4D53-A36C-8E866417BD8C): 0
LogDevObjectVersion:   Dev-Core (375EC13C-06E4-48FB-B500-84F0262A717E): 4
LogDevObjectVersion:   Dev-Editor (E4B068ED-F494-42E9-A231-DA0B2E46BB41): 38
LogDevObjectVersion:   Dev-Framework (CFFC743F-43B0-4480-9391-14DF171D2073): 37
LogDevObjectVersion:   Dev-Mobile (B02B49B5-BB20-44E9-A304-32B752E40360): 2
LogDevObjectVersion:   Dev-Networking (A4E4105C-59A1-49B5-A7C5-40C4547EDFEE): 0
LogDevObjectVersion:   Dev-Online (39C831C9-5AE6-47DC-9A44-9C173E1C8E7C): 0
LogDevObjectVersion:   Dev-Physics (78F01B33-EBEA-4F98-B9B4-84EACCB95AA2): 4
LogDevObjectVersion:   Dev-Platform (6631380F-2D4D-43E0-8009-CF276956A95A): 0
LogDevObjectVersion:   Dev-Rendering (12F88B9F-8875-4AFC-A67C-D90C383ABD29): 43
LogDevObjectVersion:   Dev-Sequencer (7B5AE74C-D270-4C10-A958-57980B212A5A): 12
LogDevObjectVersion:   Dev-VR (D7296918-1DD6-4BDD-9DE2-64A83CC13884): 3
LogDevObjectVersion:   Dev-LoadTimes (C2A15278-BFE7-4AFE-6C17-90FF531DF755): 1
LogDevObjectVersion:   Private-Geometry (6EACA3D4-40EC-4CC1-B786-8BED09428FC5): 3
LogDevObjectVersion:   Dev-AnimPhys (29E575DD-E0A3-4627-9D10-D276232CDCEA): 17
LogDevObjectVersion:   Dev-Anim (AF43A65D-7FD3-4947-9873-3E8ED9C1BB05): 7
LogDevObjectVersion:   Dev-ReflectionCapture (6B266CEC-1EC7-4B8F-A30B-E4D90942FC07): 1
LogDevObjectVersion:   Dev-Automation (0DF73D61-A23F-47EA-B727-89E90C41499A): 1
LogDevObjectVersion:   FortniteMain (601D1886-AC64-4F84-AA16-D3DE0DEAC7D6): 31
LogDevObjectVersion:   Dev-Enterprise (9DFFBCD6-494F-0158-E221-12823C92A888): 10
LogDevObjectVersion:   Dev-Niagara (F2AED0AC-9AFE-416F-8664-AA7FFA26D6FC): 1
LogDevObjectVersion:   Dev-Destruction (174F1F0B-B4C6-45A5-B13F-2EE8D0FB917D): 10
LogDevObjectVersion:   Dev-Physics-Ext (35F94A83-E258-406C-A318-09F59610247C): 37
LogDevObjectVersion:   Dev-PhysicsMaterial-Chaos (B68FC16E-8B1B-42E2-B453-215C058844FE): 1
LogDevObjectVersion:   Dev-CineCamera (B2E18506-4273-CFC2-A54E-F4BB758BBA07): 1
LogInit: Presizing for max 25165824 objects, including 0 objects not considered by GC, pre-allocating 0 bytes for permanent pool.
LogConfig: Applying CVar settings from Section [/Script/Engine.StreamingSettings] File [F:/ue4_project/Minecraft/Saved/Config/Windows/Engine.ini]
LogConfig: Setting CVar [[s.MinBulkDataSizeForAsyncLoading:131072]]
LogConfig: Setting CVar [[s.AsyncLoadingThreadEnabled:0]]
LogConfig: Setting CVar [[s.EventDrivenLoaderEnabled:1]]
LogConfig: Setting CVar [[s.WarnIfTimeLimitExceeded:0]]
LogConfig: Setting CVar [[s.TimeLimitExceededMultiplier:1.5]]
LogConfig: Setting CVar [[s.TimeLimitExceededMinTime:0.005]]
LogConfig: Setting CVar [[s.UseBackgroundLevelStreaming:1]]
LogConfig: Setting CVar [[s.PriorityAsyncLoadingExtraTime:15.0]]
LogConfig: Setting CVar [[s.LevelStreamingActorsUpdateTimeLimit:5.0]]
LogConfig: Setting CVar [[s.PriorityLevelStreamingActorsUpdateExtraTime:5.0]]
LogConfig: Setting CVar [[s.LevelStreamingComponentsRegistrationGranularity:10]]
LogConfig: Setting CVar [[s.UnregisterComponentsTimeLimit:1.0]]
LogConfig: Setting CVar [[s.LevelStreamingComponentsUnregistrationGranularity:5]]
LogConfig: Setting CVar [[s.FlushStreamingOnExit:1]]
LogInit: Object subsystem initialized
LogConfig: Setting CVar [[con.DebugEarlyDefault:1]]
LogConfig: Setting CVar [[r.setres:1280x720]]
[2023.03.09-11.41.10:444][  0]LogConfig: Setting CVar [[r.VSync:0]]
[2023.03.09-11.41.10:444][  0]LogConfig: Setting CVar [[r.RHICmdBypass:0]]
[2023.03.09-11.41.10:444][  0]LogConfig: Applying CVar settings from Section [/Script/Engine.RendererSettings] File [F:/ue4_project/Minecraft/Saved/Config/Windows/Engine.ini]
[2023.03.09-11.41.10:444][  0]LogConfig: Setting CVar [[r.GPUCrashDebugging:0]]
[2023.03.09-11.41.10:444][  0]LogConfig: Applying CVar settings from Section [/Script/Engine.RendererOverrideSettings] File [F:/ue4_project/Minecraft/Saved/Config/Windows/Engine.ini]
[2023.03.09-11.41.10:444][  0]LogConfig: Applying CVar settings from Section [/Script/Engine.StreamingSettings] File [F:/ue4_project/Minecraft/Saved/Config/Windows/Engine.ini]
[2023.03.09-11.41.10:444][  0]LogConfig: Setting CVar [[s.MinBulkDataSizeForAsyncLoading:131072]]
[2023.03.09-11.41.10:444][  0]LogConfig: Setting CVar [[s.AsyncLoadingThreadEnabled:0]]
[2023.03.09-11.41.10:444][  0]LogConfig: Setting CVar [[s.EventDrivenLoaderEnabled:1]]
[2023.03.09-11.41.10:444][  0]LogConfig: Setting CVar [[s.WarnIfTimeLimitExceeded:0]]
[2023.03.09-11.41.10:444][  0]LogConfig: Setting CVar [[s.TimeLimitExceededMultiplier:1.5]]
[2023.03.09-11.41.10:444][  0]LogConfig: Setting CVar [[s.TimeLimitExceededMinTime:0.005]]
[2023.03.09-11.41.10:444][  0]LogConfig: Setting CVar [[s.UseBackgroundLevelStreaming:1]]
[2023.03.09-11.41.10:444][  0]LogConfig: Setting CVar [[s.PriorityAsyncLoadingExtraTime:15.0]]
[2023.03.09-11.41.10:444][  0]LogConfig: Setting CVar [[s.LevelStreamingActorsUpdateTimeLimit:5.0]]
[2023.03.09-11.41.10:444][  0]LogConfig: Setting CVar [[s.PriorityLevelStreamingActorsUpdateExtraTime:5.0]]
[2023.03.09-11.41.10:444][  0]LogConfig: Setting CVar [[s.LevelStreamingComponentsRegistrationGranularity:10]]
[2023.03.09-11.41.10:444][  0]LogConfig: Setting CVar [[s.UnregisterComponentsTimeLimit:1.0]]
[2023.03.09-11.41.10:444][  0]LogConfig: Setting CVar [[s.LevelStreamingComponentsUnregistrationGranularity:5]]
[2023.03.09-11.41.10:444][  0]LogConfig: Setting CVar [[s.FlushStreamingOnExit:1]]
[2023.03.09-11.41.10:444][  0]LogConfig: Applying CVar settings from Section [/Script/Engine.GarbageCollectionSettings] File [F:/ue4_project/Minecraft/Saved/Config/Windows/Engine.ini]
[2023.03.09-11.41.10:444][  0]LogConfig: Setting CVar [[gc.MaxObjectsNotConsideredByGC:1]]
[2023.03.09-11.41.10:444][  0]LogConfig: Setting CVar [[gc.SizeOfPermanentObjectPool:0]]
[2023.03.09-11.41.10:444][  0]LogConfig: Setting CVar [[gc.FlushStreamingOnGC:0]]
[2023.03.09-11.41.10:444][  0]LogConfig: Setting CVar [[gc.NumRetriesBeforeForcingGC:10]]
[2023.03.09-11.41.10:444][  0]LogConfig: Setting CVar [[gc.AllowParallelGC:1]]
[2023.03.09-11.41.10:444][  0]LogConfig: Setting CVar [[gc.TimeBetweenPurgingPendingKillObjects:61.1]]
[2023.03.09-11.41.10:444][  0]LogConfig: Setting CVar [[gc.MaxObjectsInEditor:25165824]]
[2023.03.09-11.41.10:444][  0]LogConfig: Setting CVar [[gc.IncrementalBeginDestroyEnabled:1]]
[2023.03.09-11.41.10:444][  0]LogConfig: Setting CVar [[gc.CreateGCClusters:1]]
[2023.03.09-11.41.10:444][  0]LogConfig: Setting CVar [[gc.MinGCClusterSize:5]]
[2023.03.09-11.41.10:444][  0]LogConfig: Setting CVar [[gc.ActorClusteringEnabled:0]]
[2023.03.09-11.41.10:444][  0]LogConfig: Setting CVar [[gc.BlueprintClusteringEnabled:0]]
[2023.03.09-11.41.10:444][  0]LogConfig: Setting CVar [[gc.UseDisregardForGCOnDedicatedServers:0]]
[2023.03.09-11.41.10:444][  0]LogConfig: Applying CVar settings from Section [/Script/Engine.NetworkSettings] File [F:/ue4_project/Minecraft/Saved/Config/Windows/Engine.ini]
[2023.03.09-11.41.10:444][  0]LogConfig: Applying CVar settings from Section [/Script/UnrealEd.CookerSettings] File [F:/ue4_project/Minecraft/Saved/Config/Windows/Engine.ini]
[2023.03.09-11.41.10:447][  0]LogConfig: Applying CVar settings from Section [ViewDistanceQuality@3] File [F:/ue4_project/Minecraft/Saved/Config/Windows/Scalability.ini]
[2023.03.09-11.41.10:447][  0]LogConfig: Setting CVar [[r.SkeletalMeshLODBias:0]]
[2023.03.09-11.41.10:447][  0]LogConfig: Setting CVar [[r.ViewDistanceScale:1.0]]
[2023.03.09-11.41.10:447][  0]LogConfig: Applying CVar settings from Section [AntiAliasingQuality@3] File [F:/ue4_project/Minecraft/Saved/Config/Windows/Scalability.ini]
[2023.03.09-11.41.10:447][  0]LogConfig: Setting CVar [[r.PostProcessAAQuality:4]]
[2023.03.09-11.41.10:448][  0]LogConfig: Applying CVar settings from Section [ShadowQuality@3] File [F:/ue4_project/Minecraft/Saved/Config/Windows/Scalability.ini]
[2023.03.09-11.41.10:448][  0]LogConfig: Setting CVar [[r.LightFunctionQuality:1]]
[2023.03.09-11.41.10:448][  0]LogConfig: Setting CVar [[r.ShadowQuality:5]]
[2023.03.09-11.41.10:448][  0]LogConfig: Setting CVar [[r.Shadow.CSM.MaxCascades:10]]
[2023.03.09-11.41.10:448][  0]LogConfig: Setting CVar [[r.Shadow.MaxResolution:2048]]
[2023.03.09-11.41.10:448][  0]LogConfig: Setting CVar [[r.Shadow.MaxCSMResolution:2048]]
[2023.03.09-11.41.10:448][  0]LogConfig: Setting CVar [[r.Shadow.RadiusThreshold:0.01]]
[2023.03.09-11.41.10:448][  0]LogConfig: Setting CVar [[r.Shadow.DistanceScale:1.0]]
[2023.03.09-11.41.10:448][  0]LogConfig: Setting CVar [[r.Shadow.CSM.TransitionScale:1.0]]
[2023.03.09-11.41.10:448][  0]LogConfig: Setting CVar [[r.Shadow.PreShadowResolutionFactor:1.0]]
[2023.03.09-11.41.10:448][  0]LogConfig: Setting CVar [[r.DistanceFieldShadowing:1]]
[2023.03.09-11.41.10:448][  0]LogConfig: Setting CVar [[r.DistanceFieldAO:1]]
[2023.03.09-11.41.10:448][  0]LogConfig: Setting CVar [[r.AOQuality:2]]
[2023.03.09-11.41.10:448][  0]LogConfig: Setting CVar [[r.VolumetricFog:1]]
[2023.03.09-11.41.10:448][  0]LogConfig: Setting CVar [[r.VolumetricFog.GridPixelSize:8]]
[2023.03.09-11.41.10:448][  0]LogConfig: Setting CVar [[r.VolumetricFog.GridSizeZ:128]]
[2023.03.09-11.41.10:448][  0]LogConfig: Setting CVar [[r.VolumetricFog.HistoryMissSupersampleCount:4]]
[2023.03.09-11.41.10:448][  0]LogConfig: Setting CVar [[r.LightMaxDrawDistanceScale:1]]
[2023.03.09-11.41.10:448][  0]LogConfig: Setting CVar [[r.CapsuleShadows:1]]
[2023.03.09-11.41.10:448][  0]LogConfig: Applying CVar settings from Section [PostProcessQuality@3] File [F:/ue4_project/Minecraft/Saved/Config/Windows/Scalability.ini]
[2023.03.09-11.41.10:448][  0]LogConfig: Setting CVar [[r.MotionBlurQuality:4]]
[2023.03.09-11.41.10:448][  0]LogConfig: Setting CVar [[r.AmbientOcclusionMipLevelFactor:0.4]]
[2023.03.09-11.41.10:448][  0]LogConfig: Setting CVar [[r.AmbientOcclusionMaxQuality:100]]
[2023.03.09-11.41.10:448][  0]LogConfig: Setting CVar [[r.AmbientOcclusionLevels:-1]]
[2023.03.09-11.41.10:448][  0]LogConfig: Setting CVar [[r.AmbientOcclusionRadiusScale:1.0]]
[2023.03.09-11.41.10:448][  0]LogConfig: Setting CVar [[r.DepthOfFieldQuality:2]]
[2023.03.09-11.41.10:448][  0]LogConfig: Setting CVar [[r.RenderTargetPoolMin:400]]
[2023.03.09-11.41.10:448][  0]LogConfig: Setting CVar [[r.LensFlareQuality:2]]
[2023.03.09-11.41.10:448][  0]LogConfig: Setting CVar [[r.SceneColorFringeQuality:1]]
[2023.03.09-11.41.10:448][  0]LogConfig: Setting CVar [[r.EyeAdaptationQuality:2]]
[2023.03.09-11.41.10:448][  0]LogConfig: Setting CVar [[r.BloomQuality:5]]
[2023.03.09-11.41.10:448][  0]LogConfig: Setting CVar [[r.FastBlurThreshold:100]]
[2023.03.09-11.41.10:448][  0]LogConfig: Setting CVar [[r.Upscale.Quality:3]]
[2023.03.09-11.41.10:448][  0]LogConfig: Setting CVar [[r.Tonemapper.GrainQuantization:1]]
[2023.03.09-11.41.10:448][  0]LogConfig: Setting CVar [[r.LightShaftQuality:1]]
[2023.03.09-11.41.10:448][  0]LogConfig: Setting CVar [[r.Filter.SizeScale:1]]
[2023.03.09-11.41.10:448][  0]LogConfig: Setting CVar [[r.Tonemapper.Quality:5]]
[2023.03.09-11.41.10:448][  0]LogConfig: Setting CVar [[r.DOF.Gather.AccumulatorQuality:1        ; higher gathering accumulator quality]]
[2023.03.09-11.41.10:448][  0]LogConfig: Setting CVar [[r.DOF.Gather.PostfilterMethod:1          ; Median3x3 postfilering method]]
[2023.03.09-11.41.10:448][  0]LogConfig: Setting CVar [[r.DOF.Gather.EnableBokehSettings:0       ; no bokeh simulation when gathering]]
[2023.03.09-11.41.10:448][  0]LogConfig: Setting CVar [[r.DOF.Gather.RingCount:4                 ; medium number of samples when gathering]]
[2023.03.09-11.41.10:448][  0]LogConfig: Setting CVar [[r.DOF.Scatter.ForegroundCompositing:1    ; additive foreground scattering]]
[2023.03.09-11.41.10:448][  0]LogConfig: Setting CVar [[r.DOF.Scatter.BackgroundCompositing:2    ; additive background scattering]]
[2023.03.09-11.41.10:448][  0]LogConfig: Setting CVar [[r.DOF.Scatter.EnableBokehSettings:1      ; bokeh simulation when scattering]]
[2023.03.09-11.41.10:448][  0]LogConfig: Setting CVar [[r.DOF.Scatter.MaxSpriteRatio:0.1         ; only a maximum of 10% of scattered bokeh]]
[2023.03.09-11.41.10:448][  0]LogConfig: Setting CVar [[r.DOF.Recombine.Quality:1                ; cheap slight out of focus]]
[2023.03.09-11.41.10:448][  0]LogConfig: Setting CVar [[r.DOF.Recombine.EnableBokehSettings:0    ; no bokeh simulation on slight out of focus]]
[2023.03.09-11.41.10:448][  0]LogConfig: Setting CVar [[r.DOF.TemporalAAQuality:1                ; more stable temporal accumulation]]
[2023.03.09-11.41.10:448][  0]LogConfig: Setting CVar [[r.DOF.Kernel.MaxForegroundRadius:0.025]]
[2023.03.09-11.41.10:448][  0]LogConfig: Setting CVar [[r.DOF.Kernel.MaxBackgroundRadius:0.025]]
[2023.03.09-11.41.10:448][  0]LogConfig: Applying CVar settings from Section [TextureQuality@3] File [F:/ue4_project/Minecraft/Saved/Config/Windows/Scalability.ini]
[2023.03.09-11.41.10:448][  0]LogConfig: Setting CVar [[r.Streaming.MipBias:0]]
[2023.03.09-11.41.10:448][  0]LogConfig: Setting CVar [[r.Streaming.AmortizeCPUToGPUCopy:0]]
[2023.03.09-11.41.10:448][  0]LogConfig: Setting CVar [[r.Streaming.MaxNumTexturesToStreamPerFrame:0]]
[2023.03.09-11.41.10:448][  0]LogConfig: Setting CVar [[r.Streaming.Boost:1]]
[2023.03.09-11.41.10:448][  0]LogConfig: Setting CVar [[r.MaxAnisotropy:8]]
[2023.03.09-11.41.10:448][  0]LogConfig: Setting CVar [[r.VT.MaxAnisotropy:8]]
[2023.03.09-11.41.10:448][  0]LogConfig: Setting CVar [[r.Streaming.LimitPoolSizeToVRAM:0]]
[2023.03.09-11.41.10:448][  0]LogConfig: Setting CVar [[r.Streaming.PoolSize:1000]]
[2023.03.09-11.41.10:448][  0]LogConfig: Setting CVar [[r.Streaming.MaxEffectiveScreenSize:0]]
[2023.03.09-11.41.10:448][  0]LogConfig: Applying CVar settings from Section [EffectsQuality@3] File [F:/ue4_project/Minecraft/Saved/Config/Windows/Scalability.ini]
[2023.03.09-11.41.10:448][  0]LogConfig: Setting CVar [[r.TranslucencyLightingVolumeDim:64]]
[2023.03.09-11.41.10:448][  0]LogConfig: Setting CVar [[r.RefractionQuality:2]]
[2023.03.09-11.41.10:448][  0]LogConfig: Setting CVar [[r.SSR.Quality:3]]
[2023.03.09-11.41.10:448][  0]LogConfig: Setting CVar [[r.SSR.HalfResSceneColor:0]]
[2023.03.09-11.41.10:448][  0]LogConfig: Setting CVar [[r.SceneColorFormat:4]]
[2023.03.09-11.41.10:448][  0]LogConfig: Setting CVar [[r.DetailMode:2]]
[2023.03.09-11.41.10:448][  0]LogConfig: Setting CVar [[r.TranslucencyVolumeBlur:1]]
[2023.03.09-11.41.10:448][  0]LogConfig: Setting CVar [[r.MaterialQualityLevel:1 ; High quality]]
[2023.03.09-11.41.10:448][  0]LogConfig: Setting CVar [[r.SSS.Scale:1]]
[2023.03.09-11.41.10:448][  0]LogConfig: Setting CVar [[r.SSS.SampleSet:2]]
[2023.03.09-11.41.10:448][  0]LogConfig: Setting CVar [[r.SSS.Quality:1]]
[2023.03.09-11.41.10:448][  0]LogConfig: Setting CVar [[r.SSS.HalfRes:0]]
[2023.03.09-11.41.10:448][  0]LogConfig: Setting CVar [[r.SSGI.Quality:3]]
[2023.03.09-11.41.10:448][  0]LogConfig: Setting CVar [[r.EmitterSpawnRateScale:1.0]]
[2023.03.09-11.41.10:448][  0]LogConfig: Setting CVar [[r.ParticleLightQuality:2]]
[2023.03.09-11.41.10:448][  0]LogConfig: Setting CVar [[r.SkyAtmosphere.AerialPerspectiveLUT.FastApplyOnOpaque:1 ; Always have FastSkyLUT 1 in this case to avoid wrong sky]]
[2023.03.09-11.41.10:448][  0]LogConfig: Setting CVar [[r.SkyAtmosphere.AerialPerspectiveLUT.SampleCountPerSlice:1]]
[2023.03.09-11.41.10:448][  0]LogConfig: Setting CVar [[r.SkyAtmosphere.AerialPerspectiveLUT.DepthResolution:16.0]]
[2023.03.09-11.41.10:448][  0]LogConfig: Setting CVar [[r.SkyAtmosphere.FastSkyLUT:1]]
[2023.03.09-11.41.10:448][  0]LogConfig: Setting CVar [[r.SkyAtmosphere.FastSkyLUT.SampleCountMin:4.0]]
[2023.03.09-11.41.10:448][  0]LogConfig: Setting CVar [[r.SkyAtmosphere.FastSkyLUT.SampleCountMax:32.0]]
[2023.03.09-11.41.10:448][  0]LogConfig: Setting CVar [[r.SkyAtmosphere.SampleCountMin:4.0]]
[2023.03.09-11.41.10:448][  0]LogConfig: Setting CVar [[r.SkyAtmosphere.SampleCountMax:32.0]]
[2023.03.09-11.41.10:448][  0]LogConfig: Setting CVar [[r.SkyAtmosphere.TransmittanceLUT.UseSmallFormat:0]]
[2023.03.09-11.41.10:448][  0]LogConfig: Setting CVar [[r.SkyAtmosphere.TransmittanceLUT.SampleCount:10.0]]
[2023.03.09-11.41.10:448][  0]LogConfig: Setting CVar [[r.SkyAtmosphere.MultiScatteringLUT.SampleCount:15.0]]
[2023.03.09-11.41.10:448][  0]LogConfig: Applying CVar settings from Section [FoliageQuality@3] File [F:/ue4_project/Minecraft/Saved/Config/Windows/Scalability.ini]
[2023.03.09-11.41.10:448][  0]LogConfig: Setting CVar [[foliage.DensityScale:1.0]]
[2023.03.09-11.41.10:448][  0]LogConfig: Setting CVar [[grass.DensityScale:1.0]]
[2023.03.09-11.41.10:448][  0]LogConfig: Applying CVar settings from Section [ShadingQuality@3] File [F:/ue4_project/Minecraft/Saved/Config/Windows/Scalability.ini]
[2023.03.09-11.41.10:448][  0]LogConfig: Setting CVar [[r.HairStrands.SkyLighting.SampleCount:16]]
[2023.03.09-11.41.10:448][  0]LogConfig: Setting CVar [[r.HairStrands.SkyLighting.JitterIntegration:0]]
[2023.03.09-11.41.10:448][  0]LogConfig: Setting CVar [[r.HairStrands.SkyAO.SampleCount:16]]
[2023.03.09-11.41.10:448][  0]LogConfig: Setting CVar [[r.HairStrands.DeepShadow.SuperSampling:0]]
[2023.03.09-11.41.10:448][  0]LogConfig: Setting CVar [[r.HairStrands.VisibilityPPLL:0]]
[2023.03.09-11.41.10:448][  0]LogConfig: Setting CVar [[r.HairStrands.RasterizationScale:0.5]]
[2023.03.09-11.41.10:448][  0]LogConfig: Setting CVar [[r.HairStrands.VelocityRasterizationScale:1]]
[2023.03.09-11.41.10:448][  0]LogInit: Selected Device Profile: [Windows]
[2023.03.09-11.41.10:449][  0]LogInit: Applying CVar settings loaded from the selected device profile: [Windows]
[2023.03.09-11.41.10:449][  0]LogHAL: Display: Platform has ~ 32 GB [34145763328 / 34359738368 / 32], which maps to Largest [LargestMinGB=32, LargerMinGB=12, DefaultMinGB=8, SmallerMinGB=6, SmallestMinGB=0)
[2023.03.09-11.41.10:449][  0]LogInit: Going up to parent DeviceProfile []
[2023.03.09-11.41.10:449][  0]LogConfig: Applying CVar settings from Section [ViewDistanceQuality@3] File [F:/ue4_project/Minecraft/Saved/Config/Windows/Scalability.ini]
[2023.03.09-11.41.10:449][  0]LogConfig: Setting CVar [[r.SkeletalMeshLODBias:0]]
[2023.03.09-11.41.10:449][  0]LogConfig: Setting CVar [[r.ViewDistanceScale:1.0]]
[2023.03.09-11.41.10:449][  0]LogConfig: Applying CVar settings from Section [AntiAliasingQuality@3] File [F:/ue4_project/Minecraft/Saved/Config/Windows/Scalability.ini]
[2023.03.09-11.41.10:449][  0]LogConfig: Setting CVar [[r.PostProcessAAQuality:4]]
[2023.03.09-11.41.10:449][  0]LogConfig: Applying CVar settings from Section [ShadowQuality@3] File [F:/ue4_project/Minecraft/Saved/Config/Windows/Scalability.ini]
[2023.03.09-11.41.10:449][  0]LogConfig: Setting CVar [[r.LightFunctionQuality:1]]
[2023.03.09-11.41.10:449][  0]LogConfig: Setting CVar [[r.ShadowQuality:5]]
[2023.03.09-11.41.10:449][  0]LogConfig: Setting CVar [[r.Shadow.CSM.MaxCascades:10]]
[2023.03.09-11.41.10:449][  0]LogConfig: Setting CVar [[r.Shadow.MaxResolution:2048]]
[2023.03.09-11.41.10:449][  0]LogConfig: Setting CVar [[r.Shadow.MaxCSMResolution:2048]]
[2023.03.09-11.41.10:449][  0]LogConfig: Setting CVar [[r.Shadow.RadiusThreshold:0.01]]
[2023.03.09-11.41.10:449][  0]LogConfig: Setting CVar [[r.Shadow.DistanceScale:1.0]]
[2023.03.09-11.41.10:449][  0]LogConfig: Setting CVar [[r.Shadow.CSM.TransitionScale:1.0]]
[2023.03.09-11.41.10:449][  0]LogConfig: Setting CVar [[r.Shadow.PreShadowResolutionFactor:1.0]]
[2023.03.09-11.41.10:449][  0]LogConfig: Setting CVar [[r.DistanceFieldShadowing:1]]
[2023.03.09-11.41.10:449][  0]LogConfig: Setting CVar [[r.DistanceFieldAO:1]]
[2023.03.09-11.41.10:449][  0]LogConfig: Setting CVar [[r.AOQuality:2]]
[2023.03.09-11.41.10:449][  0]LogConfig: Setting CVar [[r.VolumetricFog:1]]
[2023.03.09-11.41.10:449][  0]LogConfig: Setting CVar [[r.VolumetricFog.GridPixelSize:8]]
[2023.03.09-11.41.10:449][  0]LogConfig: Setting CVar [[r.VolumetricFog.GridSizeZ:128]]
[2023.03.09-11.41.10:449][  0]LogConfig: Setting CVar [[r.VolumetricFog.HistoryMissSupersampleCount:4]]
[2023.03.09-11.41.10:449][  0]LogConfig: Setting CVar [[r.LightMaxDrawDistanceScale:1]]
[2023.03.09-11.41.10:449][  0]LogConfig: Setting CVar [[r.CapsuleShadows:1]]
[2023.03.09-11.41.10:449][  0]LogConfig: Applying CVar settings from Section [PostProcessQuality@3] File [F:/ue4_project/Minecraft/Saved/Config/Windows/Scalability.ini]
[2023.03.09-11.41.10:449][  0]LogConfig: Setting CVar [[r.MotionBlurQuality:4]]
[2023.03.09-11.41.10:449][  0]LogConfig: Setting CVar [[r.AmbientOcclusionMipLevelFactor:0.4]]
[2023.03.09-11.41.10:449][  0]LogConfig: Setting CVar [[r.AmbientOcclusionMaxQuality:100]]
[2023.03.09-11.41.10:449][  0]LogConfig: Setting CVar [[r.AmbientOcclusionLevels:-1]]
[2023.03.09-11.41.10:449][  0]LogConfig: Setting CVar [[r.AmbientOcclusionRadiusScale:1.0]]
[2023.03.09-11.41.10:449][  0]LogConfig: Setting CVar [[r.DepthOfFieldQuality:2]]
[2023.03.09-11.41.10:449][  0]LogConfig: Setting CVar [[r.RenderTargetPoolMin:400]]
[2023.03.09-11.41.10:449][  0]LogConfig: Setting CVar [[r.LensFlareQuality:2]]
[2023.03.09-11.41.10:449][  0]LogConfig: Setting CVar [[r.SceneColorFringeQuality:1]]
[2023.03.09-11.41.10:449][  0]LogConfig: Setting CVar [[r.EyeAdaptationQuality:2]]
[2023.03.09-11.41.10:449][  0]LogConfig: Setting CVar [[r.BloomQuality:5]]
[2023.03.09-11.41.10:449][  0]LogConfig: Setting CVar [[r.FastBlurThreshold:100]]
[2023.03.09-11.41.10:449][  0]LogConfig: Setting CVar [[r.Upscale.Quality:3]]
[2023.03.09-11.41.10:449][  0]LogConfig: Setting CVar [[r.Tonemapper.GrainQuantization:1]]
[2023.03.09-11.41.10:449][  0]LogConfig: Setting CVar [[r.LightShaftQuality:1]]
[2023.03.09-11.41.10:449][  0]LogConfig: Setting CVar [[r.Filter.SizeScale:1]]
[2023.03.09-11.41.10:449][  0]LogConfig: Setting CVar [[r.Tonemapper.Quality:5]]
[2023.03.09-11.41.10:449][  0]LogConfig: Setting CVar [[r.DOF.Gather.AccumulatorQuality:1        ; higher gathering accumulator quality]]
[2023.03.09-11.41.10:449][  0]LogConfig: Setting CVar [[r.DOF.Gather.PostfilterMethod:1          ; Median3x3 postfilering method]]
[2023.03.09-11.41.10:449][  0]LogConfig: Setting CVar [[r.DOF.Gather.EnableBokehSettings:0       ; no bokeh simulation when gathering]]
[2023.03.09-11.41.10:449][  0]LogConfig: Setting CVar [[r.DOF.Gather.RingCount:4                 ; medium number of samples when gathering]]
[2023.03.09-11.41.10:449][  0]LogConfig: Setting CVar [[r.DOF.Scatter.ForegroundCompositing:1    ; additive foreground scattering]]
[2023.03.09-11.41.10:449][  0]LogConfig: Setting CVar [[r.DOF.Scatter.BackgroundCompositing:2    ; additive background scattering]]
[2023.03.09-11.41.10:449][  0]LogConfig: Setting CVar [[r.DOF.Scatter.EnableBokehSettings:1      ; bokeh simulation when scattering]]
[2023.03.09-11.41.10:449][  0]LogConfig: Setting CVar [[r.DOF.Scatter.MaxSpriteRatio:0.1         ; only a maximum of 10% of scattered bokeh]]
[2023.03.09-11.41.10:449][  0]LogConfig: Setting CVar [[r.DOF.Recombine.Quality:1                ; cheap slight out of focus]]
[2023.03.09-11.41.10:449][  0]LogConfig: Setting CVar [[r.DOF.Recombine.EnableBokehSettings:0    ; no bokeh simulation on slight out of focus]]
[2023.03.09-11.41.10:449][  0]LogConfig: Setting CVar [[r.DOF.TemporalAAQuality:1                ; more stable temporal accumulation]]
[2023.03.09-11.41.10:449][  0]LogConfig: Setting CVar [[r.DOF.Kernel.MaxForegroundRadius:0.025]]
[2023.03.09-11.41.10:449][  0]LogConfig: Setting CVar [[r.DOF.Kernel.MaxBackgroundRadius:0.025]]
[2023.03.09-11.41.10:449][  0]LogConfig: Applying CVar settings from Section [TextureQuality@3] File [F:/ue4_project/Minecraft/Saved/Config/Windows/Scalability.ini]
[2023.03.09-11.41.10:449][  0]LogConfig: Setting CVar [[r.Streaming.MipBias:0]]
[2023.03.09-11.41.10:449][  0]LogConfig: Setting CVar [[r.Streaming.AmortizeCPUToGPUCopy:0]]
[2023.03.09-11.41.10:449][  0]LogConfig: Setting CVar [[r.Streaming.MaxNumTexturesToStreamPerFrame:0]]
[2023.03.09-11.41.10:449][  0]LogConfig: Setting CVar [[r.Streaming.Boost:1]]
[2023.03.09-11.41.10:449][  0]LogConfig: Setting CVar [[r.MaxAnisotropy:8]]
[2023.03.09-11.41.10:449][  0]LogConfig: Setting CVar [[r.VT.MaxAnisotropy:8]]
[2023.03.09-11.41.10:449][  0]LogConfig: Setting CVar [[r.Streaming.LimitPoolSizeToVRAM:0]]
[2023.03.09-11.41.10:449][  0]LogConfig: Setting CVar [[r.Streaming.PoolSize:1000]]
[2023.03.09-11.41.10:449][  0]LogConfig: Setting CVar [[r.Streaming.MaxEffectiveScreenSize:0]]
[2023.03.09-11.41.10:449][  0]LogConfig: Applying CVar settings from Section [EffectsQuality@3] File [F:/ue4_project/Minecraft/Saved/Config/Windows/Scalability.ini]
[2023.03.09-11.41.10:449][  0]LogConfig: Setting CVar [[r.TranslucencyLightingVolumeDim:64]]
[2023.03.09-11.41.10:449][  0]LogConfig: Setting CVar [[r.RefractionQuality:2]]
[2023.03.09-11.41.10:449][  0]LogConfig: Setting CVar [[r.SSR.Quality:3]]
[2023.03.09-11.41.10:449][  0]LogConfig: Setting CVar [[r.SSR.HalfResSceneColor:0]]
[2023.03.09-11.41.10:449][  0]LogConfig: Setting CVar [[r.SceneColorFormat:4]]
[2023.03.09-11.41.10:449][  0]LogConfig: Setting CVar [[r.DetailMode:2]]
[2023.03.09-11.41.10:449][  0]LogConfig: Setting CVar [[r.TranslucencyVolumeBlur:1]]
[2023.03.09-11.41.10:449][  0]LogConfig: Setting CVar [[r.MaterialQualityLevel:1 ; High quality]]
[2023.03.09-11.41.10:449][  0]LogConfig: Setting CVar [[r.SSS.Scale:1]]
[2023.03.09-11.41.10:449][  0]LogConfig: Setting CVar [[r.SSS.SampleSet:2]]
[2023.03.09-11.41.10:449][  0]LogConfig: Setting CVar [[r.SSS.Quality:1]]
[2023.03.09-11.41.10:449][  0]LogConfig: Setting CVar [[r.SSS.HalfRes:0]]
[2023.03.09-11.41.10:449][  0]LogConfig: Setting CVar [[r.SSGI.Quality:3]]
[2023.03.09-11.41.10:449][  0]LogConfig: Setting CVar [[r.EmitterSpawnRateScale:1.0]]
[2023.03.09-11.41.10:449][  0]LogConfig: Setting CVar [[r.ParticleLightQuality:2]]
[2023.03.09-11.41.10:449][  0]LogConfig: Setting CVar [[r.SkyAtmosphere.AerialPerspectiveLUT.FastApplyOnOpaque:1 ; Always have FastSkyLUT 1 in this case to avoid wrong sky]]
[2023.03.09-11.41.10:449][  0]LogConfig: Setting CVar [[r.SkyAtmosphere.AerialPerspectiveLUT.SampleCountPerSlice:1]]
[2023.03.09-11.41.10:449][  0]LogConfig: Setting CVar [[r.SkyAtmosphere.AerialPerspectiveLUT.DepthResolution:16.0]]
[2023.03.09-11.41.10:449][  0]LogConfig: Setting CVar [[r.SkyAtmosphere.FastSkyLUT:1]]
[2023.03.09-11.41.10:449][  0]LogConfig: Setting CVar [[r.SkyAtmosphere.FastSkyLUT.SampleCountMin:4.0]]
[2023.03.09-11.41.10:449][  0]LogConfig: Setting CVar [[r.SkyAtmosphere.FastSkyLUT.SampleCountMax:32.0]]
[2023.03.09-11.41.10:449][  0]LogConfig: Setting CVar [[r.SkyAtmosphere.SampleCountMin:4.0]]
[2023.03.09-11.41.10:449][  0]LogConfig: Setting CVar [[r.SkyAtmosphere.SampleCountMax:32.0]]
[2023.03.09-11.41.10:449][  0]LogConfig: Setting CVar [[r.SkyAtmosphere.TransmittanceLUT.UseSmallFormat:0]]
[2023.03.09-11.41.10:449][  0]LogConfig: Setting CVar [[r.SkyAtmosphere.TransmittanceLUT.SampleCount:10.0]]
[2023.03.09-11.41.10:449][  0]LogConfig: Setting CVar [[r.SkyAtmosphere.MultiScatteringLUT.SampleCount:15.0]]
[2023.03.09-11.41.10:449][  0]LogConfig: Applying CVar settings from Section [FoliageQuality@3] File [F:/ue4_project/Minecraft/Saved/Config/Windows/Scalability.ini]
[2023.03.09-11.41.10:449][  0]LogConfig: Setting CVar [[foliage.DensityScale:1.0]]
[2023.03.09-11.41.10:449][  0]LogConfig: Setting CVar [[grass.DensityScale:1.0]]
[2023.03.09-11.41.10:449][  0]LogConfig: Applying CVar settings from Section [ShadingQuality@3] File [F:/ue4_project/Minecraft/Saved/Config/Windows/Scalability.ini]
[2023.03.09-11.41.10:450][  0]LogConfig: Setting CVar [[r.HairStrands.SkyLighting.SampleCount:16]]
[2023.03.09-11.41.10:450][  0]LogConfig: Setting CVar [[r.HairStrands.SkyLighting.JitterIntegration:0]]
[2023.03.09-11.41.10:450][  0]LogConfig: Setting CVar [[r.HairStrands.SkyAO.SampleCount:16]]
[2023.03.09-11.41.10:450][  0]LogConfig: Setting CVar [[r.HairStrands.DeepShadow.SuperSampling:0]]
[2023.03.09-11.41.10:450][  0]LogConfig: Setting CVar [[r.HairStrands.VisibilityPPLL:0]]
[2023.03.09-11.41.10:450][  0]LogConfig: Setting CVar [[r.HairStrands.RasterizationScale:0.5]]
[2023.03.09-11.41.10:450][  0]LogConfig: Setting CVar [[r.HairStrands.VelocityRasterizationScale:1]]
[2023.03.09-11.41.10:450][  0]LogConfig: Applying CVar settings from Section [Startup] File [../../../Engine/Config/ConsoleVariables.ini]
[2023.03.09-11.41.10:450][  0]LogConfig: Setting CVar [[net.UseAdaptiveNetUpdateFrequency:0]]
[2023.03.09-11.41.10:450][  0]LogConfig: Setting CVar [[p.chaos.AllowCreatePhysxBodies:1]]
[2023.03.09-11.41.10:450][  0]LogConfig: Setting CVar [[fx.SkipVectorVMBackendOptimizations:1]]
[2023.03.09-11.41.10:450][  0]LogConfig: Applying CVar settings from Section [ConsoleVariables] File [F:/ue4_project/Minecraft/Saved/Config/Windows/Engine.ini]
[2023.03.09-11.41.10:450][  0]LogInit: Computer: ZLEOLIU-PC3
[2023.03.09-11.41.10:450][  0]LogInit: User: Administrator
[2023.03.09-11.41.10:450][  0]LogInit: CPU Page size=4096, Cores=6
[2023.03.09-11.41.10:450][  0]LogInit: High frequency timer resolution =14.318180 MHz
[2023.03.09-11.41.10:450][  0]LogMemory: Memory total: Physical=31.8GB (32GB approx)
[2023.03.09-11.41.10:450][  0]LogMemory: Platform Memory Stats for Windows
[2023.03.09-11.41.10:450][  0]LogMemory: Process Physical Memory: 116.71 MB used, 116.71 MB peak
[2023.03.09-11.41.10:450][  0]LogMemory: Process Virtual Memory: 96.64 MB used, 96.64 MB peak
[2023.03.09-11.41.10:450][  0]LogMemory: Physical Memory: 14889.63 MB used,  17674.31 MB free, 32563.94 MB total
[2023.03.09-11.41.10:450][  0]LogMemory: Virtual Memory: 5166.80 MB used,  134212560.00 MB free, 134217728.00 MB total
[2023.03.09-11.41.10:456][  0]LogWindows: WindowsPlatformFeatures enabled
[2023.03.09-11.41.10:603][  0]LogInit: Physics initialised using underlying interface: PhysX
[2023.03.09-11.41.10:603][  0]LogInit: Overriding language with editor language configuration option (en).
[2023.03.09-11.41.10:603][  0]LogInit: Overriding locale with editor culture configuration option ().
[2023.03.09-11.41.10:603][  0]LogInit: Using OS detected locale (zh-CN).
[2023.03.09-11.41.10:725][  0]LogInit: Setting process to per monitor DPI aware
[2023.03.09-11.41.10:797][  0]LogSlate: New Slate User Created.  User Index 0, Is Virtual User: 0
[2023.03.09-11.41.10:797][  0]LogSlate: Slate User Registered.  User Index 0, Is Virtual User: 0
[2023.03.09-11.41.10:887][  0]LogHMD: Failed to initialize OpenVR with code 110
[2023.03.09-11.41.10:887][  0]LogD3D11RHI: D3D11 min allowed feature level: 11_0
[2023.03.09-11.41.10:887][  0]LogD3D11RHI: D3D11 max allowed feature level: 11_0
[2023.03.09-11.41.10:887][  0]LogD3D11RHI: D3D11 adapters:
[2023.03.09-11.41.11:233][  0]LogD3D11RHI:    0. 'NVIDIA GeForce RTX 3060 Ti' (Feature Level 11_0)
[2023.03.09-11.41.11:234][  0]LogD3D11RHI:       8038/0/16281 MB DedicatedVideo/DedicatedSystem/SharedSystem, Outputs:1, VendorId:0x10de
[2023.03.09-11.41.11:266][  0]LogD3D11RHI:    1. 'Microsoft Basic Render Driver' (Feature Level 11_0)
[2023.03.09-11.41.11:266][  0]LogD3D11RHI:       0/0/16281 MB DedicatedVideo/DedicatedSystem/SharedSystem, Outputs:0, VendorId:0x1414
[2023.03.09-11.41.11:266][  0]LogD3D11RHI: Chosen D3D11 Adapter: 0
[2023.03.09-11.41.11:272][  0]LogD3D11RHI: Creating new Direct3DDevice
[2023.03.09-11.41.11:272][  0]LogD3D11RHI:     GPU DeviceId: 0x2414 (for the marketing name, search the web for "GPU Device Id")
[2023.03.09-11.41.11:272][  0]LogWindows: EnumDisplayDevices:
[2023.03.09-11.41.11:273][  0]LogWindows:    0. 'NVIDIA GeForce RTX 3060 Ti' (P:1 D:1)
[2023.03.09-11.41.11:273][  0]LogWindows:    1. 'NVIDIA GeForce RTX 3060 Ti' (P:0 D:0)
[2023.03.09-11.41.11:273][  0]LogWindows:    2. 'NVIDIA GeForce RTX 3060 Ti' (P:0 D:0)
[2023.03.09-11.41.11:273][  0]LogWindows:    3. 'NVIDIA GeForce RTX 3060 Ti' (P:0 D:0)
[2023.03.09-11.41.11:273][  0]LogWindows: DebugString: FoundDriverCount:4 
[2023.03.09-11.41.11:273][  0]LogD3D11RHI:     Adapter Name: NVIDIA GeForce RTX 3060 Ti
[2023.03.09-11.41.11:273][  0]LogD3D11RHI:   Driver Version: 527.56 (internal:31.0.15.2756, unified:527.56)
[2023.03.09-11.41.11:273][  0]LogD3D11RHI:      Driver Date: 12-5-2022
[2023.03.09-11.41.11:273][  0]LogRHI: Texture pool is 5626 MB (70% of 8038 MB)
[2023.03.09-11.41.11:323][  0]LogD3D11RHI: RHI has support for 64 bit atomics
[2023.03.09-11.41.11:324][  0]LogD3D11RHI: Async texture creation enabled
[2023.03.09-11.41.11:324][  0]LogD3D11RHI: Array index from any shader is supported
[2023.03.09-11.41.11:325][  0]LogD3D11RHI: HDR output is supported on display 0 (NvId: 0x80061080).
[2023.03.09-11.41.11:346][  0]LogD3D11RHI: GPU Timing Frequency: 1000.000000 (Debug: 2 2)
[2023.03.09-11.41.11:991][  0]LogTargetPlatformManager: Display: Loaded TargetPlatform 'AllDesktop'
[2023.03.09-11.41.12:009][  0]LogTargetPlatformManager: Display: Loaded TargetPlatform 'Android'
[2023.03.09-11.41.12:009][  0]LogTargetPlatformManager: Display: Loaded TargetPlatform 'Android_ASTC'
[2023.03.09-11.41.12:009][  0]LogTargetPlatformManager: Display: Loaded TargetPlatform 'Android_DXT'
[2023.03.09-11.41.12:009][  0]LogTargetPlatformManager: Display: Loaded TargetPlatform 'Android_ETC2'
[2023.03.09-11.41.12:009][  0]LogTargetPlatformManager: Display: Loaded TargetPlatform 'AndroidClient'
[2023.03.09-11.41.12:009][  0]LogTargetPlatformManager: Display: Loaded TargetPlatform 'Android_ASTCClient'
[2023.03.09-11.41.12:009][  0]LogTargetPlatformManager: Display: Loaded TargetPlatform 'Android_DXTClient'
[2023.03.09-11.41.12:009][  0]LogTargetPlatformManager: Display: Loaded TargetPlatform 'Android_ETC2Client'
[2023.03.09-11.41.12:009][  0]LogTargetPlatformManager: Display: Loaded TargetPlatform 'Android_Multi'
[2023.03.09-11.41.12:009][  0]LogTargetPlatformManager: Display: Loaded TargetPlatform 'Android_MultiClient'
[2023.03.09-11.41.12:031][  0]LogTargetPlatformManager: Display: Loaded TargetPlatform 'IOSClient'
[2023.03.09-11.41.12:031][  0]LogTargetPlatformManager: Display: Loaded TargetPlatform 'IOS'
[2023.03.09-11.41.12:040][  0]LogTargetPlatformManager: Display: Loaded TargetPlatform 'Linux'
[2023.03.09-11.41.12:048][  0]LogTargetPlatformManager: Display: Loaded TargetPlatform 'LinuxNoEditor'
[2023.03.09-11.41.12:056][  0]LogTargetPlatformManager: Display: Loaded TargetPlatform 'LinuxClient'
[2023.03.09-11.41.12:064][  0]LogTargetPlatformManager: Display: Loaded TargetPlatform 'LinuxServer'
[2023.03.09-11.41.12:072][  0]LogTargetPlatformManager: Display: Loaded TargetPlatform 'LinuxAArch64NoEditor'
[2023.03.09-11.41.12:081][  0]LogTargetPlatformManager: Display: Loaded TargetPlatform 'LinuxAArch64Client'
[2023.03.09-11.41.12:090][  0]LogTargetPlatformManager: Display: Loaded TargetPlatform 'LinuxAArch64Server'
[2023.03.09-11.41.12:111][  0]LogTargetPlatformManager: Display: Loaded TargetPlatform 'Lumin'
[2023.03.09-11.41.12:111][  0]LogTargetPlatformManager: Display: Loaded TargetPlatform 'LuminClient'
[2023.03.09-11.41.12:124][  0]LogTargetPlatformManager: Display: Loaded TargetPlatform 'TVOSClient'
[2023.03.09-11.41.12:124][  0]LogTargetPlatformManager: Display: Loaded TargetPlatform 'TVOS'
[2023.03.09-11.41.12:132][  0]LogTargetPlatformManager: Display: Loaded TargetPlatform 'WindowsNoEditor'
[2023.03.09-11.41.12:147][  0]LogTargetPlatformManager: Display: Loaded TargetPlatform 'Windows'
[2023.03.09-11.41.12:155][  0]LogTargetPlatformManager: Display: Loaded TargetPlatform 'WindowsClient'
[2023.03.09-11.41.12:164][  0]LogTargetPlatformManager: Display: Loaded TargetPlatform 'WindowsServer'
[2023.03.09-11.41.12:164][  0]LogTargetPlatformManager: Display: Building Assets For Windows
[2023.03.09-11.41.12:180][  0]LogAudioDebug: Display: Lib vorbis DLL was dynamically loaded.
[2023.03.09-11.41.12:318][  0]LogShaderCompilers: Guid format shader working directory is 20 characters bigger than the processId version (../../../../ue4_project/Minecraft/Intermediate/Shaders/WorkingDirectory/21048/).
[2023.03.09-11.41.12:318][  0]LogShaderCompilers: Cleaned the shader compiler working directory 'C:/Users/Administrator/AppData/Local/Temp/UnrealShaderWorkingDir/56F389F44CD373915BFCA4B592BF2B4F/'.
[2023.03.09-11.41.12:318][  0]LogXGEController: Cannot use XGE Controller as Incredibuild is not installed on this machine.
[2023.03.09-11.41.12:318][  0]LogShaderCompilers: Cannot use XGE Shader Compiler as Incredibuild is not installed on this machine.
[2023.03.09-11.41.12:318][  0]LogShaderCompilers: Display: Using Local Shader Compiler.
[2023.03.09-11.41.13:006][  0]LogDerivedDataCache: Display: Max Cache Size: 512 MB
[2023.03.09-11.41.13:042][  0]LogDerivedDataCache: Loaded boot cache 0.04s 79MB C:/Users/Administrator/AppData/Local/UnrealEngine/4.25/DerivedDataCache/Boot.ddc.
[2023.03.09-11.41.13:042][  0]LogDerivedDataCache: Display: Loaded Boot cache: C:/Users/Administrator/AppData/Local/UnrealEngine/4.25/DerivedDataCache/Boot.ddc
[2023.03.09-11.41.13:042][  0]LogDerivedDataCache: FDerivedDataBackendGraph:  Pak pak cache file ../../../../ue4_project/Minecraft/DerivedDataCache/DDC.ddp not found, will not use a pak cache.
[2023.03.09-11.41.13:042][  0]LogDerivedDataCache: Unable to find inner node Pak for hierarchical cache Hierarchy.
[2023.03.09-11.41.13:042][  0]LogDerivedDataCache: FDerivedDataBackendGraph:  CompressedPak pak cache file ../../../../ue4_project/Minecraft/DerivedDataCache/Compressed.ddp not found, will not use a pak cache.
[2023.03.09-11.41.13:042][  0]LogDerivedDataCache: Unable to find inner node CompressedPak for hierarchical cache Hierarchy.
[2023.03.09-11.41.13:051][  0]LogDerivedDataCache: Display: Pak cache opened for reading ../../../Engine/DerivedDataCache/Compressed.ddp.
[2023.03.09-11.41.13:051][  0]LogDerivedDataCache: FDerivedDataBackendGraph:  EnterprisePak pak cache file ../../../Enterprise/DerivedDataCache/Compressed.ddp not found, will not use a pak cache.
[2023.03.09-11.41.13:051][  0]LogDerivedDataCache: Unable to find inner node EnterprisePak for hierarchical cache Hierarchy.
[2023.03.09-11.41.13:052][  0]LogDerivedDataCache: Using Local data cache path C:/Users/Administrator/AppData/Local/UnrealEngine/Common/DerivedDataCache: Writable
[2023.03.09-11.41.13:052][  0]LogDerivedDataCache: Shared data cache path not found in *engine.ini, will not use an Shared cache.
[2023.03.09-11.41.13:052][  0]LogDerivedDataCache: Unable to find inner node Shared for hierarchical cache Hierarchy.
[2023.03.09-11.41.13:091][  0]LogSlate: Using FreeType 2.10.0
[2023.03.09-11.41.13:091][  0]LogSlate: SlateFontServices - WITH_FREETYPE: 1, WITH_HARFBUZZ: 1
[2023.03.09-11.41.13:112][  0]LogAssetRegistry: FAssetRegistry took 0.0022 seconds to start up
[2023.03.09-11.41.13:290][  0]LogInit: Selected Device Profile: [Windows]
[2023.03.09-11.41.13:499][  0]LogMeshReduction: Using QuadricMeshReduction for automatic static mesh reduction
[2023.03.09-11.41.13:499][  0]LogMeshReduction: Using SimplygonMeshReduction for automatic skeletal mesh reduction
[2023.03.09-11.41.13:499][  0]LogMeshReduction: Using ProxyLODMeshReduction for automatic mesh merging
[2023.03.09-11.41.13:499][  0]LogMeshReduction: No distributed automatic mesh merging module available
[2023.03.09-11.41.13:499][  0]LogMeshMerging: No distributed automatic mesh merging module available
[2023.03.09-11.41.13:512][  0]LogNetVersion: Minecraft 1.0.0, NetCL: 13144385, EngineNetVer: 14, GameNetVer: 0 (Checksum: 1386176360)
[2023.03.09-11.41.13:841][  0]LogAISub: UAISubsystem::UAISubsystem AISubsystem (000002209AEC4340), frame # 0
[2023.03.09-11.41.13:841][  0]LogAISub: UAISubsystem::UAISubsystem AIPerceptionSystem (000002209ADF6AC0), frame # 0
[2023.03.09-11.41.13:842][  0]LogAISub: UAISubsystem::UAISubsystem EnvQueryManager (000002209AE70A00), frame # 0
[2023.03.09-11.41.13:873][  0]LogPackageLocalizationCache: Processed 19 localized package path(s) for 1 prioritized culture(s) in 0.026542 seconds
[2023.03.09-11.41.13:878][  0]LogUObjectArray: 15917 objects as part of root set at end of initial load.
[2023.03.09-11.41.13:878][  0]LogUObjectAllocator: 3965568 out of 0 bytes used by permanent object pool.
[2023.03.09-11.41.13:878][  0]LogUObjectArray: CloseDisregardForGC: 0/0 objects in disregard for GC pool
[2023.03.09-11.41.14:462][  0]LogTcpMessaging: Initializing TcpMessaging bridge
[2023.03.09-11.41.14:468][  0]LogUdpMessaging: Initializing bridge on interface 0.0.0.0:0 to multicast group 230.0.0.1:6666.
[2023.03.09-11.41.14:615][  0]LogBlueprintUserMessages: [Default__NewGameMode] HasPawn
[2023.03.09-11.41.14:615][  0]LogScript: Warning: Script Msg: No world was found for object (/Script/Minecraft.Default__NewGameMode) passed in to UEngine::GetWorldFromContextObject().
[2023.03.09-11.41.15:558][  0]LogWindows: Error: === Critical error: ===
[2023.03.09-11.41.15:559][  0]LogWindows: Error: 
[2023.03.09-11.41.15:559][  0]LogWindows: Error: Fatal error!
[2023.03.09-11.41.15:559][  0]LogWindows: Error: 
[2023.03.09-11.41.15:559][  0]LogWindows: Error: Unhandled Exception: EXCEPTION_ACCESS_VIOLATION reading address 0x00000bc8
[2023.03.09-11.41.15:559][  0]LogWindows: Error: 
[2023.03.09-11.41.15:559][  0]LogWindows: Error: [Callstack] 0x00007ffa9d11f3cf UE4Editor-Engine.dll!UnknownFunction []
[2023.03.09-11.41.15:559][  0]LogWindows: Error: [Callstack] 0x00007ffa9c8458ca UE4Editor-Engine.dll!UnknownFunction []
[2023.03.09-11.41.15:559][  0]LogWindows: Error: [Callstack] 0x00007ffa85557fa1 UE4Editor-Minecraft-0011.dll!ANewGameMode::ANewGameMode() [F:\ue4_project\Minecraft\Source\Minecraft\NewGameMode.cpp:15]
[2023.03.09-11.41.15:559][  0]LogWindows: Error: [Callstack] 0x00007ffaf568c273 UE4Editor-CoreUObject.dll!UnknownFunction []
[2023.03.09-11.41.15:559][  0]LogWindows: Error: [Callstack] 0x00007ffaf5938451 UE4Editor-CoreUObject.dll!UnknownFunction []
[2023.03.09-11.41.15:559][  0]LogWindows: Error: [Callstack] 0x00007ffaf5915bbf UE4Editor-CoreUObject.dll!UnknownFunction []
[2023.03.09-11.41.15:559][  0]LogWindows: Error: [Callstack] 0x00007ffaf5834465 UE4Editor-CoreUObject.dll!UnknownFunction []
[2023.03.09-11.41.15:559][  0]LogWindows: Error: [Callstack] 0x00007ffaf407986a UE4Editor-Core.dll!UnknownFunction []
[2023.03.09-11.41.15:559][  0]LogWindows: Error: [Callstack] 0x00007ffaf40999f0 UE4Editor-Core.dll!UnknownFunction []
[2023.03.09-11.41.15:559][  0]LogWindows: Error: [Callstack] 0x00007ffaf819b433 UE4Editor-Projects.dll!UnknownFunction []
[2023.03.09-11.41.15:559][  0]LogWindows: Error: [Callstack] 0x00007ffaf819b70d UE4Editor-Projects.dll!UnknownFunction []
[2023.03.09-11.41.15:559][  0]LogWindows: Error: [Callstack] 0x00007ff7de95fa92 UE4Editor.exe!UnknownFunction []
[2023.03.09-11.41.15:559][  0]LogWindows: Error: [Callstack] 0x00007ff7de9626f5 UE4Editor.exe!UnknownFunction []
[2023.03.09-11.41.15:559][  0]LogWindows: Error: [Callstack] 0x00007ff7de95b7ec UE4Editor.exe!UnknownFunction []
[2023.03.09-11.41.15:559][  0]LogWindows: Error: [Callstack] 0x00007ff7de95bb5a UE4Editor.exe!UnknownFunction []
[2023.03.09-11.41.15:559][  0]LogWindows: Error: [Callstack] 0x00007ff7de96e31d UE4Editor.exe!UnknownFunction []
[2023.03.09-11.41.15:559][  0]LogWindows: Error: [Callstack] 0x00007ff7de97145a UE4Editor.exe!UnknownFunction []
[2023.03.09-11.41.15:559][  0]LogWindows: Error: [Callstack] 0x00007ffb374e7034 KERNEL32.DLL!UnknownFunction []
[2023.03.09-11.41.15:559][  0]LogWindows: Error: [Callstack] 0x00007ffb393c2651 ntdll.dll!UnknownFunction []
[2023.03.09-11.41.15:559][  0]LogWindows: Error: 
[2023.03.09-11.41.15:575][  0]LogExit: Executing StaticShutdownAfterError
[2023.03.09-11.41.15:577][  0]LogWindows: FPlatformMisc::RequestExit(1)
[2023.03.09-11.41.15:577][  0]LogCore: Engine exit requested (reason: Win RequestExit)
[2023.03.09-11.41.15:582][  0]Log file closed, 03/09/23 19:41:15
